<?xml version="1.0" encoding="UTF-8"?>
<testng-results ignored="16" total="17" passed="0" failed="1" skipped="0">
  <reporter-output>
    <line>
      <![CDATA[Test Suite Name: MyarRegression]]>
    </line>
    <line>
      <![CDATA[browser: firefox]]>
    </line>
    <line>
      <![CDATA[environment: myar_stagging]]>
    </line>
    <line>
      <![CDATA[firefox   128.0.3]]>
    </line>
    <line>
      <![CDATA[Cleared browser cookies]]>
    </line>
    <line>
      <![CDATA[Login URL: https://staging.snoopstar.com]]>
    </line>
    <line>
      <![CDATA[Clicking on : Language selector drop-down]]>
    </line>
    <line>
      <![CDATA[Waiting for web element to load on the page : Language selector drop-down]]>
    </line>
    <line>
      <![CDATA[Clicked on : Language selector drop-down]]>
    </line>
    <line>
      <![CDATA[Clicking on : Language EN]]>
    </line>
    <line>
      <![CDATA[Waiting for web element to load on the page : Language EN]]>
    </line>
    <line>
      <![CDATA[Clicked on : Language EN]]>
    </line>
    <line>
      <![CDATA[Sending Values in : Enter email address textbox]]>
    </line>
    <line>
      <![CDATA[Waiting for web element to load on the page : Enter email address textbox]]>
    </line>
    <line>
      <![CDATA[Cleared : Enter email address textbox]]>
    </line>
    <line>
      <![CDATA[Inputted '' text into : Enter email address textbox]]>
    </line>
    <line>
      <![CDATA[Sending Values in : Enter password textbox]]>
    </line>
    <line>
      <![CDATA[Waiting for web element to load on the page : Enter password textbox]]>
    </line>
    <line>
      <![CDATA[Cleared : Enter password textbox]]>
    </line>
    <line>
      <![CDATA[Inputted '' text into : Enter password textbox]]>
    </line>
    <line>
      <![CDATA[Clicking on : Login Button]]>
    </line>
    <line>
      <![CDATA[Waiting for web element to load on the page : Login Button]]>
    </line>
    <line>
      <![CDATA[Clicked on : Login Button]]>
    </line>
    <line>
      <![CDATA[Waiting for application loader to disappear]]>
    </line>
    <line>
      <![CDATA[loader is not present]]>
    </line>
    <line>
      <![CDATA[loginAttempt: 1]]>
    </line>
    <line>
      <![CDATA[Verifying whether Element : Enter email address textbox on login page is displayed]]>
    </line>
    <line>
      <![CDATA[Login failed, attempting login again]]>
    </line>
    <line>
      <![CDATA[Cleared browser cookies]]>
    </line>
    <line>
      <![CDATA[Login URL: https://staging.snoopstar.com]]>
    </line>
    <line>
      <![CDATA[Clicking on : Language selector drop-down]]>
    </line>
    <line>
      <![CDATA[Waiting for web element to load on the page : Language selector drop-down]]>
    </line>
    <line>
      <![CDATA[Clicked on : Language selector drop-down]]>
    </line>
    <line>
      <![CDATA[Clicking on : Language EN]]>
    </line>
    <line>
      <![CDATA[Waiting for web element to load on the page : Language EN]]>
    </line>
    <line>
      <![CDATA[Clicked on : Language EN]]>
    </line>
    <line>
      <![CDATA[Sending Values in : Enter email address textbox]]>
    </line>
    <line>
      <![CDATA[Waiting for web element to load on the page : Enter email address textbox]]>
    </line>
    <line>
      <![CDATA[Cleared : Enter email address textbox]]>
    </line>
    <line>
      <![CDATA[Inputted '' text into : Enter email address textbox]]>
    </line>
    <line>
      <![CDATA[Sending Values in : Enter password textbox]]>
    </line>
    <line>
      <![CDATA[Waiting for web element to load on the page : Enter password textbox]]>
    </line>
    <line>
      <![CDATA[Cleared : Enter password textbox]]>
    </line>
    <line>
      <![CDATA[Inputted '' text into : Enter password textbox]]>
    </line>
    <line>
      <![CDATA[Clicking on : Login Button]]>
    </line>
    <line>
      <![CDATA[Waiting for web element to load on the page : Login Button]]>
    </line>
    <line>
      <![CDATA[Clicked on : Login Button]]>
    </line>
    <line>
      <![CDATA[Waiting for application loader to disappear]]>
    </line>
    <line>
      <![CDATA[loader is not present]]>
    </line>
    <line>
      <![CDATA[loginAttempt: 2]]>
    </line>
    <line>
      <![CDATA[Verifying whether Element : Enter email address textbox on login page is displayed]]>
    </line>
    <line>
      <![CDATA[Login failed, attempting login again]]>
    </line>
    <line>
      <![CDATA[Cleared browser cookies]]>
    </line>
    <line>
      <![CDATA[Login URL: https://staging.snoopstar.com]]>
    </line>
    <line>
      <![CDATA[Clicking on : Language selector drop-down]]>
    </line>
    <line>
      <![CDATA[Waiting for web element to load on the page : Language selector drop-down]]>
    </line>
    <line>
      <![CDATA[Clicked on : Language selector drop-down]]>
    </line>
    <line>
      <![CDATA[Clicking on : Language EN]]>
    </line>
    <line>
      <![CDATA[Waiting for web element to load on the page : Language EN]]>
    </line>
    <line>
      <![CDATA[Clicked on : Language EN]]>
    </line>
    <line>
      <![CDATA[Sending Values in : Enter email address textbox]]>
    </line>
    <line>
      <![CDATA[Waiting for web element to load on the page : Enter email address textbox]]>
    </line>
    <line>
      <![CDATA[Cleared : Enter email address textbox]]>
    </line>
    <line>
      <![CDATA[Inputted '' text into : Enter email address textbox]]>
    </line>
    <line>
      <![CDATA[Sending Values in : Enter password textbox]]>
    </line>
    <line>
      <![CDATA[Waiting for web element to load on the page : Enter password textbox]]>
    </line>
    <line>
      <![CDATA[Cleared : Enter password textbox]]>
    </line>
    <line>
      <![CDATA[Inputted '' text into : Enter password textbox]]>
    </line>
    <line>
      <![CDATA[Clicking on : Login Button]]>
    </line>
    <line>
      <![CDATA[Waiting for web element to load on the page : Login Button]]>
    </line>
    <line>
      <![CDATA[Clicked on : Login Button]]>
    </line>
    <line>
      <![CDATA[Waiting for application loader to disappear]]>
    </line>
    <line>
      <![CDATA[loader is not present]]>
    </line>
    <line>
      <![CDATA[loginAttempt: 3]]>
    </line>
    <line>
      <![CDATA[Verifying whether Element : Enter email address textbox on login page is displayed]]>
    </line>
    <line>
      <![CDATA[Login Failed after 3 attempts]]>
    </line>
    <line>
      <![CDATA[Verifying whether Element : DASHBOARD modal is displayed]]>
    </line>
    <line>
      <![CDATA[Error while verifying - DASHBOARD modal element displayed : Unable to locate element: //a[contains(text(),'DASHBOARD')]
For documentation on this error, please visit: https://selenium.dev/exceptions/#no_such_element
Build info: version: '4.7.2', revision: '4d4020c3b7'
System info: os.name: 'Windows 10', os.arch: 'amd64', os.version: '10.0', java.version: '17.0.7'
Driver info: org.openqa.selenium.firefox.FirefoxDriver
Command: [dceaa5e9-e1e7-4f07-bcd5-f6661d4d19fb, findElement {using=xpath, value=//a[contains(text(),'DASHBOARD')]}]
Capabilities {acceptInsecureCerts: true, browserName: firefox, browserVersion: 128.0.3, moz:accessibilityChecks: false, moz:buildID: 20240725162350, moz:debuggerAddress: 127.0.0.1:30482, moz:geckodriverVersion: 0.35.0, moz:headless: false, moz:platformVersion: 10.0, moz:processID: 25100, moz:profile: C:\Users\PRASEN~1\AppData\L..., moz:shutdownTimeout: 60000, moz:webdriverClick: true, moz:windowless: false, pageLoadStrategy: normal, platformName: WINDOWS, proxy: Proxy(), se:cdp: ws://127.0.0.1:30482/devtoo..., se:cdpVersion: 85.0, setWindowRect: true, strictFileInteractability: false, timeouts: {implicit: 0, pageLoad: 300000, script: 30000}, unhandledPromptBehavior: dismiss and notify, userAgent: Mozilla/5.0 (Windows NT 10....}
Session ID: dceaa5e9-e1e7-4f07-bcd5-f6661d4d19fb]]>
    </line>
    <line>
      <![CDATA[TEST FAILED: verifyLoginFunctionalityWithValidCredentials]]>
    </line>
    <line>
      <![CDATA[Capturing Screenshot]]>
    </line>
    <line>
      <![CDATA[BUILD NUMBER in screenshot method: null]]>
    </line>
    <line>
      <![CDATA[SCREENSHOT LOCATION: E:\DemoJavaSeleniumProject\Demo\ModularTransitionE2EAuto\ModularTransitionE2EAuto\test-output\TestResults\Report_08_Aug_2024_22_58_31\verifyLoginFunctionalityWithValidCredentials20240808105928.png]]>
    </line>
    <line>
      <![CDATA[Quitting browser]]>
    </line>
    <line>
      <![CDATA[Clearing threadlocal]]>
    </line>
  </reporter-output>
  <suite started-at="2024-08-08T22:58:23 IST" name="Myar_Regression_Suit" finished-at="2024-08-08T22:59:30 IST" duration-ms="66567">
    <groups>
    </groups>
    <test started-at="2024-08-08T22:58:23 IST" name="Myar Regression Test" finished-at="2024-08-08T22:59:30 IST" duration-ms="66567">
      <class name="myar.testcases.MyarRegression">
        <test-method is-config="true" signature="intialize()[pri:0, instance:myar.testcases.MyarRegression@6d23017e]" started-at="2024-08-08T22:58:23 IST" name="intialize" finished-at="2024-08-08T22:58:31 IST" duration-ms="7669" status="PASS">
          <reporter-output>
            <line>
              <![CDATA[Test Suite Name: MyarRegression]]>
            </line>
            <line>
              <![CDATA[browser: firefox]]>
            </line>
            <line>
              <![CDATA[environment: myar_stagging]]>
            </line>
            <line>
              <![CDATA[firefox   128.0.3]]>
            </line>
          </reporter-output>
        </test-method> <!-- intialize -->
        <test-method is-config="true" signature="setup()[pri:0, instance:myar.testcases.MyarRegression@6d23017e]" started-at="2024-08-08T22:58:31 IST" name="setup" finished-at="2024-08-08T22:58:31 IST" duration-ms="104" status="PASS">
          <reporter-output>
          </reporter-output>
        </test-method> <!-- setup -->
        <test-method signature="verifyLoginFunctionalityWithValidCredentials()[pri:0, instance:myar.testcases.MyarRegression@6d23017e]" started-at="2024-08-08T22:58:31 IST" name="verifyLoginFunctionalityWithValidCredentials" finished-at="2024-08-08T22:59:28 IST" duration-ms="56867" status="FAIL">
          <exception class="java.lang.AssertionError">
            <message>
              <![CDATA[MYAR Dashboard presence expected [true] but found [false]]]>
            </message>
            <full-stacktrace>
              <![CDATA[java.lang.AssertionError: MYAR Dashboard presence expected [true] but found [false]
at org.testng.Assert.fail(Assert.java:110)
at org.testng.Assert.failNotEquals(Assert.java:1413)
at org.testng.Assert.assertTrue(Assert.java:56)
at myar.testcases.MyarRegression.verifyLoginFunctionalityWithValidCredentials(MyarRegression.java:235)
at java.base/jdk.internal.reflect.NativeMethodAccessorImpl.invoke0(Native Method)
at java.base/jdk.internal.reflect.NativeMethodAccessorImpl.invoke(NativeMethodAccessorImpl.java:77)
at java.base/jdk.internal.reflect.DelegatingMethodAccessorImpl.invoke(DelegatingMethodAccessorImpl.java:43)
at java.base/java.lang.reflect.Method.invoke(Method.java:568)
at org.testng.internal.invokers.MethodInvocationHelper.invokeMethod(MethodInvocationHelper.java:135)
at org.testng.internal.invokers.TestInvoker.invokeMethod(TestInvoker.java:673)
at org.testng.internal.invokers.TestInvoker.invokeTestMethod(TestInvoker.java:220)
at org.testng.internal.invokers.MethodRunner.runInSequence(MethodRunner.java:50)
at org.testng.internal.invokers.TestInvoker$MethodInvocationAgent.invoke(TestInvoker.java:945)
at org.testng.internal.invokers.TestInvoker.invokeTestMethods(TestInvoker.java:193)
at org.testng.internal.invokers.TestMethodWorker.invokeTestMethods(TestMethodWorker.java:146)
at org.testng.internal.invokers.TestMethodWorker.run(TestMethodWorker.java:128)
at java.base/java.util.ArrayList.forEach(ArrayList.java:1511)
at org.testng.TestRunner.privateRun(TestRunner.java:808)
at org.testng.TestRunner.run(TestRunner.java:603)
at org.testng.SuiteRunner.runTest(SuiteRunner.java:429)
at org.testng.SuiteRunner.runSequentially(SuiteRunner.java:423)
at org.testng.SuiteRunner.privateRun(SuiteRunner.java:383)
at org.testng.SuiteRunner.run(SuiteRunner.java:326)
at org.testng.SuiteRunnerWorker.runSuite(SuiteRunnerWorker.java:52)
at org.testng.SuiteRunnerWorker.run(SuiteRunnerWorker.java:95)
at org.testng.TestNG.runSuitesSequentially(TestNG.java:1249)
at org.testng.TestNG.runSuitesLocally(TestNG.java:1169)
at org.testng.TestNG.runSuites(TestNG.java:1092)
at org.testng.TestNG.run(TestNG.java:1060)
at org.testng.remote.AbstractRemoteTestNG.run(AbstractRemoteTestNG.java:115)
at org.testng.remote.RemoteTestNG.initAndRun(RemoteTestNG.java:251)
at org.testng.remote.RemoteTestNG.main(RemoteTestNG.java:77)
]]>
            </full-stacktrace>
          </exception> <!-- java.lang.AssertionError -->
          <reporter-output>
            <line>
              <![CDATA[Cleared browser cookies]]>
            </line>
            <line>
              <![CDATA[Login URL: https://staging.snoopstar.com]]>
            </line>
            <line>
              <![CDATA[Clicking on : Language selector drop-down]]>
            </line>
            <line>
              <![CDATA[Waiting for web element to load on the page : Language selector drop-down]]>
            </line>
            <line>
              <![CDATA[Clicked on : Language selector drop-down]]>
            </line>
            <line>
              <![CDATA[Clicking on : Language EN]]>
            </line>
            <line>
              <![CDATA[Waiting for web element to load on the page : Language EN]]>
            </line>
            <line>
              <![CDATA[Clicked on : Language EN]]>
            </line>
            <line>
              <![CDATA[Sending Values in : Enter email address textbox]]>
            </line>
            <line>
              <![CDATA[Waiting for web element to load on the page : Enter email address textbox]]>
            </line>
            <line>
              <![CDATA[Cleared : Enter email address textbox]]>
            </line>
            <line>
              <![CDATA[Inputted '' text into : Enter email address textbox]]>
            </line>
            <line>
              <![CDATA[Sending Values in : Enter password textbox]]>
            </line>
            <line>
              <![CDATA[Waiting for web element to load on the page : Enter password textbox]]>
            </line>
            <line>
              <![CDATA[Cleared : Enter password textbox]]>
            </line>
            <line>
              <![CDATA[Inputted '' text into : Enter password textbox]]>
            </line>
            <line>
              <![CDATA[Clicking on : Login Button]]>
            </line>
            <line>
              <![CDATA[Waiting for web element to load on the page : Login Button]]>
            </line>
            <line>
              <![CDATA[Clicked on : Login Button]]>
            </line>
            <line>
              <![CDATA[Waiting for application loader to disappear]]>
            </line>
            <line>
              <![CDATA[loader is not present]]>
            </line>
            <line>
              <![CDATA[loginAttempt: 1]]>
            </line>
            <line>
              <![CDATA[Verifying whether Element : Enter email address textbox on login page is displayed]]>
            </line>
            <line>
              <![CDATA[Login failed, attempting login again]]>
            </line>
            <line>
              <![CDATA[Cleared browser cookies]]>
            </line>
            <line>
              <![CDATA[Login URL: https://staging.snoopstar.com]]>
            </line>
            <line>
              <![CDATA[Clicking on : Language selector drop-down]]>
            </line>
            <line>
              <![CDATA[Waiting for web element to load on the page : Language selector drop-down]]>
            </line>
            <line>
              <![CDATA[Clicked on : Language selector drop-down]]>
            </line>
            <line>
              <![CDATA[Clicking on : Language EN]]>
            </line>
            <line>
              <![CDATA[Waiting for web element to load on the page : Language EN]]>
            </line>
            <line>
              <![CDATA[Clicked on : Language EN]]>
            </line>
            <line>
              <![CDATA[Sending Values in : Enter email address textbox]]>
            </line>
            <line>
              <![CDATA[Waiting for web element to load on the page : Enter email address textbox]]>
            </line>
            <line>
              <![CDATA[Cleared : Enter email address textbox]]>
            </line>
            <line>
              <![CDATA[Inputted '' text into : Enter email address textbox]]>
            </line>
            <line>
              <![CDATA[Sending Values in : Enter password textbox]]>
            </line>
            <line>
              <![CDATA[Waiting for web element to load on the page : Enter password textbox]]>
            </line>
            <line>
              <![CDATA[Cleared : Enter password textbox]]>
            </line>
            <line>
              <![CDATA[Inputted '' text into : Enter password textbox]]>
            </line>
            <line>
              <![CDATA[Clicking on : Login Button]]>
            </line>
            <line>
              <![CDATA[Waiting for web element to load on the page : Login Button]]>
            </line>
            <line>
              <![CDATA[Clicked on : Login Button]]>
            </line>
            <line>
              <![CDATA[Waiting for application loader to disappear]]>
            </line>
            <line>
              <![CDATA[loader is not present]]>
            </line>
            <line>
              <![CDATA[loginAttempt: 2]]>
            </line>
            <line>
              <![CDATA[Verifying whether Element : Enter email address textbox on login page is displayed]]>
            </line>
            <line>
              <![CDATA[Login failed, attempting login again]]>
            </line>
            <line>
              <![CDATA[Cleared browser cookies]]>
            </line>
            <line>
              <![CDATA[Login URL: https://staging.snoopstar.com]]>
            </line>
            <line>
              <![CDATA[Clicking on : Language selector drop-down]]>
            </line>
            <line>
              <![CDATA[Waiting for web element to load on the page : Language selector drop-down]]>
            </line>
            <line>
              <![CDATA[Clicked on : Language selector drop-down]]>
            </line>
            <line>
              <![CDATA[Clicking on : Language EN]]>
            </line>
            <line>
              <![CDATA[Waiting for web element to load on the page : Language EN]]>
            </line>
            <line>
              <![CDATA[Clicked on : Language EN]]>
            </line>
            <line>
              <![CDATA[Sending Values in : Enter email address textbox]]>
            </line>
            <line>
              <![CDATA[Waiting for web element to load on the page : Enter email address textbox]]>
            </line>
            <line>
              <![CDATA[Cleared : Enter email address textbox]]>
            </line>
            <line>
              <![CDATA[Inputted '' text into : Enter email address textbox]]>
            </line>
            <line>
              <![CDATA[Sending Values in : Enter password textbox]]>
            </line>
            <line>
              <![CDATA[Waiting for web element to load on the page : Enter password textbox]]>
            </line>
            <line>
              <![CDATA[Cleared : Enter password textbox]]>
            </line>
            <line>
              <![CDATA[Inputted '' text into : Enter password textbox]]>
            </line>
            <line>
              <![CDATA[Clicking on : Login Button]]>
            </line>
            <line>
              <![CDATA[Waiting for web element to load on the page : Login Button]]>
            </line>
            <line>
              <![CDATA[Clicked on : Login Button]]>
            </line>
            <line>
              <![CDATA[Waiting for application loader to disappear]]>
            </line>
            <line>
              <![CDATA[loader is not present]]>
            </line>
            <line>
              <![CDATA[loginAttempt: 3]]>
            </line>
            <line>
              <![CDATA[Verifying whether Element : Enter email address textbox on login page is displayed]]>
            </line>
            <line>
              <![CDATA[Login Failed after 3 attempts]]>
            </line>
            <line>
              <![CDATA[Verifying whether Element : DASHBOARD modal is displayed]]>
            </line>
            <line>
              <![CDATA[Error while verifying - DASHBOARD modal element displayed : Unable to locate element: //a[contains(text(),'DASHBOARD')]
For documentation on this error, please visit: https://selenium.dev/exceptions/#no_such_element
Build info: version: '4.7.2', revision: '4d4020c3b7'
System info: os.name: 'Windows 10', os.arch: 'amd64', os.version: '10.0', java.version: '17.0.7'
Driver info: org.openqa.selenium.firefox.FirefoxDriver
Command: [dceaa5e9-e1e7-4f07-bcd5-f6661d4d19fb, findElement {using=xpath, value=//a[contains(text(),'DASHBOARD')]}]
Capabilities {acceptInsecureCerts: true, browserName: firefox, browserVersion: 128.0.3, moz:accessibilityChecks: false, moz:buildID: 20240725162350, moz:debuggerAddress: 127.0.0.1:30482, moz:geckodriverVersion: 0.35.0, moz:headless: false, moz:platformVersion: 10.0, moz:processID: 25100, moz:profile: C:\Users\PRASEN~1\AppData\L..., moz:shutdownTimeout: 60000, moz:webdriverClick: true, moz:windowless: false, pageLoadStrategy: normal, platformName: WINDOWS, proxy: Proxy(), se:cdp: ws://127.0.0.1:30482/devtoo..., se:cdpVersion: 85.0, setWindowRect: true, strictFileInteractability: false, timeouts: {implicit: 0, pageLoad: 300000, script: 30000}, unhandledPromptBehavior: dismiss and notify, userAgent: Mozilla/5.0 (Windows NT 10....}
Session ID: dceaa5e9-e1e7-4f07-bcd5-f6661d4d19fb]]>
            </line>
          </reporter-output>
        </test-method> <!-- verifyLoginFunctionalityWithValidCredentials -->
        <test-method is-config="true" signature="takeScreenshotInCaseOfFailure(org.testng.ITestResult)[pri:0, instance:myar.testcases.MyarRegression@6d23017e]" started-at="2024-08-08T22:59:28 IST" name="takeScreenshotInCaseOfFailure" finished-at="2024-08-08T22:59:28 IST" duration-ms="110" status="PASS">
          <params>
            <param index="0">
              <value>
                <![CDATA[[TestResult name=verifyLoginFunctionalityWithValidCredentials status=FAILURE method=MyarRegression.verifyLoginFunctionalityWithValidCredentials()[pri:0, instance:myar.testcases.MyarRegression@6d23017e] output=Cleared browser cookies]]]>
              </value>
            </param>
          </params>
          <reporter-output>
            <line>
              <![CDATA[TEST FAILED: verifyLoginFunctionalityWithValidCredentials]]>
            </line>
            <line>
              <![CDATA[Capturing Screenshot]]>
            </line>
            <line>
              <![CDATA[BUILD NUMBER in screenshot method: null]]>
            </line>
            <line>
              <![CDATA[SCREENSHOT LOCATION: E:\DemoJavaSeleniumProject\Demo\ModularTransitionE2EAuto\ModularTransitionE2EAuto\test-output\TestResults\Report_08_Aug_2024_22_58_31\verifyLoginFunctionalityWithValidCredentials20240808105928.png]]>
            </line>
          </reporter-output>
        </test-method> <!-- takeScreenshotInCaseOfFailure -->
        <test-method is-config="true" signature="cleanup()[pri:0, instance:myar.testcases.MyarRegression@6d23017e]" started-at="2024-08-08T22:59:28 IST" name="cleanup" finished-at="2024-08-08T22:59:30 IST" duration-ms="1772" status="PASS">
          <reporter-output>
            <line>
              <![CDATA[Quitting browser]]>
            </line>
            <line>
              <![CDATA[Clearing threadlocal]]>
            </line>
          </reporter-output>
        </test-method> <!-- cleanup -->
      </class> <!-- myar.testcases.MyarRegression -->
    </test> <!-- Myar Regression Test -->
  </suite> <!-- Myar_Regression_Suit -->
</testng-results>
