<?xml version="1.0" encoding="UTF-8"?>
<testng-results ignored="16" total="17" passed="0" failed="1" skipped="0">
  <reporter-output>
    <line>
      <![CDATA[Test Suite Name: MyarRegression]]>
    </line>
    <line>
      <![CDATA[browser: firefox]]>
    </line>
    <line>
      <![CDATA[environment: myar_stagging]]>
    </line>
    <line>
      <![CDATA[firefox   124.0.2]]>
    </line>
    <line>
      <![CDATA[Cleared browser cookies]]>
    </line>
    <line>
      <![CDATA[Login URL: https://staging.snoopstar.com]]>
    </line>
    <line>
      <![CDATA[Clicking on : Language selector drop-down]]>
    </line>
    <line>
      <![CDATA[Waiting for web element to load on the page : Language selector drop-down]]>
    </line>
    <line>
      <![CDATA[Clicked on : Language selector drop-down]]>
    </line>
    <line>
      <![CDATA[Clicking on : Language EN]]>
    </line>
    <line>
      <![CDATA[Waiting for web element to load on the page : Language EN]]>
    </line>
    <line>
      <![CDATA[Clicked on : Language EN]]>
    </line>
    <line>
      <![CDATA[Sending Values in : Enter email address textbox]]>
    </line>
    <line>
      <![CDATA[Waiting for web element to load on the page : Enter email address textbox]]>
    </line>
    <line>
      <![CDATA[Cleared : Enter email address textbox]]>
    </line>
    <line>
      <![CDATA[Inputted '' text into : Enter email address textbox]]>
    </line>
    <line>
      <![CDATA[Sending Values in : Enter password textbox]]>
    </line>
    <line>
      <![CDATA[Waiting for web element to load on the page : Enter password textbox]]>
    </line>
    <line>
      <![CDATA[Cleared : Enter password textbox]]>
    </line>
    <line>
      <![CDATA[Inputted '' text into : Enter password textbox]]>
    </line>
    <line>
      <![CDATA[Clicking on : Login Button]]>
    </line>
    <line>
      <![CDATA[Waiting for web element to load on the page : Login Button]]>
    </line>
    <line>
      <![CDATA[Clicked on : Login Button]]>
    </line>
    <line>
      <![CDATA[Waiting for application loader to disappear]]>
    </line>
    <line>
      <![CDATA[loader is not present]]>
    </line>
    <line>
      <![CDATA[loginAttempt: 1]]>
    </line>
    <line>
      <![CDATA[Verifying whether Element : Enter email address textbox on login page is displayed]]>
    </line>
    <line>
      <![CDATA[Login failed, attempting login again]]>
    </line>
    <line>
      <![CDATA[Cleared browser cookies]]>
    </line>
    <line>
      <![CDATA[Login URL: https://staging.snoopstar.com]]>
    </line>
    <line>
      <![CDATA[Clicking on : Language selector drop-down]]>
    </line>
    <line>
      <![CDATA[Waiting for web element to load on the page : Language selector drop-down]]>
    </line>
    <line>
      <![CDATA[Clicked on : Language selector drop-down]]>
    </line>
    <line>
      <![CDATA[Clicking on : Language EN]]>
    </line>
    <line>
      <![CDATA[Waiting for web element to load on the page : Language EN]]>
    </line>
    <line>
      <![CDATA[Clicked on : Language EN]]>
    </line>
    <line>
      <![CDATA[Sending Values in : Enter email address textbox]]>
    </line>
    <line>
      <![CDATA[Waiting for web element to load on the page : Enter email address textbox]]>
    </line>
    <line>
      <![CDATA[Cleared : Enter email address textbox]]>
    </line>
    <line>
      <![CDATA[Inputted '' text into : Enter email address textbox]]>
    </line>
    <line>
      <![CDATA[Sending Values in : Enter password textbox]]>
    </line>
    <line>
      <![CDATA[Waiting for web element to load on the page : Enter password textbox]]>
    </line>
    <line>
      <![CDATA[Cleared : Enter password textbox]]>
    </line>
    <line>
      <![CDATA[Inputted '' text into : Enter password textbox]]>
    </line>
    <line>
      <![CDATA[Clicking on : Login Button]]>
    </line>
    <line>
      <![CDATA[Waiting for web element to load on the page : Login Button]]>
    </line>
    <line>
      <![CDATA[Clicked on : Login Button]]>
    </line>
    <line>
      <![CDATA[Waiting for application loader to disappear]]>
    </line>
    <line>
      <![CDATA[loader is not present]]>
    </line>
    <line>
      <![CDATA[loginAttempt: 2]]>
    </line>
    <line>
      <![CDATA[Verifying whether Element : Enter email address textbox on login page is displayed]]>
    </line>
    <line>
      <![CDATA[Login failed, attempting login again]]>
    </line>
    <line>
      <![CDATA[Cleared browser cookies]]>
    </line>
    <line>
      <![CDATA[Login URL: https://staging.snoopstar.com]]>
    </line>
    <line>
      <![CDATA[Clicking on : Language selector drop-down]]>
    </line>
    <line>
      <![CDATA[Waiting for web element to load on the page : Language selector drop-down]]>
    </line>
    <line>
      <![CDATA[TEST FAILED: verifyLoginFunctionalityWithValidCredentials]]>
    </line>
    <line>
      <![CDATA[Capturing Screenshot]]>
    </line>
    <line>
      <![CDATA[Quitting browser]]>
    </line>
  </reporter-output>
  <suite started-at="2024-08-09T16:07:33 IST" name="Default suite" finished-at="2024-08-09T16:08:13 IST" duration-ms="39945">
    <groups>
    </groups>
    <test started-at="2024-08-09T16:07:33 IST" name="Default test" finished-at="2024-08-09T16:08:13 IST" duration-ms="39945">
      <class name="myar.testcases.MyarRegression">
        <test-method is-config="true" signature="intialize()[pri:0, instance:myar.testcases.MyarRegression@2cab9998]" started-at="2024-08-09T16:07:33 IST" name="intialize" finished-at="2024-08-09T16:07:43 IST" duration-ms="9939" status="PASS">
          <reporter-output>
            <line>
              <![CDATA[Test Suite Name: MyarRegression]]>
            </line>
            <line>
              <![CDATA[browser: firefox]]>
            </line>
            <line>
              <![CDATA[environment: myar_stagging]]>
            </line>
            <line>
              <![CDATA[firefox   124.0.2]]>
            </line>
          </reporter-output>
        </test-method> <!-- intialize -->
        <test-method is-config="true" signature="setup()[pri:0, instance:myar.testcases.MyarRegression@2cab9998]" started-at="2024-08-09T16:07:43 IST" name="setup" finished-at="2024-08-09T16:07:43 IST" duration-ms="59" status="PASS">
          <reporter-output>
          </reporter-output>
        </test-method> <!-- setup -->
        <test-method signature="verifyLoginFunctionalityWithValidCredentials()[pri:0, instance:myar.testcases.MyarRegression@2cab9998]" started-at="2024-08-09T16:07:43 IST" name="verifyLoginFunctionalityWithValidCredentials" finished-at="2024-08-09T16:08:12 IST" duration-ms="28606" status="FAIL">
          <exception class="java.lang.StackOverflowError">
            <full-stacktrace>
              <![CDATA[java.lang.StackOverflowError
at java.base/java.io.Writer.write(Writer.java:278)
at java.base/java.io.PrintStream.implWriteln(PrintStream.java:846)
at java.base/java.io.PrintStream.writeln(PrintStream.java:826)
at java.base/java.io.PrintStream.println(PrintStream.java:1168)
at com.qa.util.WebEventListener.onException(WebEventListener.java:67)
at java.base/jdk.internal.reflect.DirectMethodHandleAccessor.invoke(DirectMethodHandleAccessor.java:103)
at java.base/java.lang.reflect.Method.invoke(Method.java:580)
at org.openqa.selenium.support.events.EventFiringWebDriver.lambda$new$0(EventFiringWebDriver.java:85)
at jdk.proxy2/jdk.proxy2.$Proxy19.onException(Unknown Source)
at org.openqa.selenium.support.events.EventFiringWebDriver.lambda$new$1(EventFiringWebDriver.java:108)
at jdk.proxy2/jdk.proxy2.$Proxy20.getScreenshotAs(Unknown Source)
at org.openqa.selenium.support.events.EventFiringWebDriver.getScreenshotAs(EventFiringWebDriver.java:303)
at com.qa.util.TestUtil.takeScreenshotAtEndOfTest(TestUtil.java:96)
at com.qa.util.WebEventListener.onException(WebEventListener.java:69)
at java.base/jdk.internal.reflect.DirectMethodHandleAccessor.invoke(DirectMethodHandleAccessor.java:103)
at java.base/java.lang.reflect.Method.invoke(Method.java:580)
at org.openqa.selenium.support.events.EventFiringWebDriver.lambda$new$0(EventFiringWebDriver.java:85)
at jdk.proxy2/jdk.proxy2.$Proxy19.onException(Unknown Source)
at org.openqa.selenium.support.events.EventFiringWebDriver.lambda$new$1(EventFiringWebDriver.java:108)
at jdk.proxy2/jdk.proxy2.$Proxy20.getScreenshotAs(Unknown Source)
at org.openqa.selenium.support.events.EventFiringWebDriver.getScreenshotAs(EventFiringWebDriver.java:303)
at com.qa.util.TestUtil.takeScreenshotAtEndOfTest(TestUtil.java:96)
at com.qa.util.WebEventListener.onException(WebEventListener.java:69)
at java.base/jdk.internal.reflect.DirectMethodHandleAccessor.invoke(DirectMethodHandleAccessor.java:103)
at java.base/java.lang.reflect.Method.invoke(Method.java:580)
at org.openqa.selenium.support.events.EventFiringWebDriver.lambda$new$0(EventFiringWebDriver.java:85)
at jdk.proxy2/jdk.proxy2.$Proxy19.onException(Unknown Source)
at org.openqa.selenium.support.events.EventFiringWebDriver.lambda$new$1(EventFiringWebDriver.java:108)
at jdk.proxy2/jdk.proxy2.$Proxy20.getScreenshotAs(Unknown Source)
at org.openqa.selenium.support.events.EventFiringWebDriver.getScreenshotAs(EventFiringWebDriver.java:303)
at com.qa.util.TestUtil.takeScreenshotAtEndOfTest(TestUtil.java:96)
at com.qa.util.WebEventListener.onException(WebEventListener.java:69)
at java.base/jdk.internal.reflect.DirectMethodHandleAccessor.invoke(DirectMethodHandleAccessor.java:103)
at java.base/java.lang.reflect.Method.invoke(Method.java:580)
at org.openqa.selenium.support.events.EventFiringWebDriver.lambda$new$0(EventFiringWebDriver.java:85)
at jdk.proxy2/jdk.proxy2.$Proxy19.onException(Unknown Source)
at org.openqa.selenium.support.events.EventFiringWebDriver.lambda$new$1(EventFiringWebDriver.java:108)
at jdk.proxy2/jdk.proxy2.$Proxy20.getScreenshotAs(Unknown Source)
at org.openqa.selenium.support.events.EventFiringWebDriver.getScreenshotAs(EventFiringWebDriver.java:303)
at com.qa.util.TestUtil.takeScreenshotAtEndOfTest(TestUtil.java:96)
at com.qa.util.WebEventListener.onException(WebEventListener.java:69)
at java.base/jdk.internal.reflect.DirectMethodHandleAccessor.invoke(DirectMethodHandleAccessor.java:103)
at java.base/java.lang.reflect.Method.invoke(Method.java:580)
at org.openqa.selenium.support.events.EventFiringWebDriver.lambda$new$0(EventFiringWebDriver.java:85)
at jdk.proxy2/jdk.proxy2.$Proxy19.onException(Unknown Source)
at org.openqa.selenium.support.events.EventFiringWebDriver.lambda$new$1(EventFiringWebDriver.java:108)
at jdk.proxy2/jdk.proxy2.$Proxy20.getScreenshotAs(Unknown Source)
at org.openqa.selenium.support.events.EventFiringWebDriver.getScreenshotAs(EventFiringWebDriver.java:303)
at com.qa.util.TestUtil.takeScreenshotAtEndOfTest(TestUtil.java:96)
at com.qa.util.WebEventListener.onException(WebEventListener.java:69)
at java.base/jdk.internal.reflect.DirectMethodHandleAccessor.invoke(DirectMethodHandleAccessor.java:103)
at java.base/java.lang.reflect.Method.invoke(Method.java:580)
at org.openqa.selenium.support.events.EventFiringWebDriver.lambda$new$0(EventFiringWebDriver.java:85)
at jdk.proxy2/jdk.proxy2.$Proxy19.onException(Unknown Source)
at org.openqa.selenium.support.events.EventFiringWebDriver.lambda$new$1(EventFiringWebDriver.java:108)
at jdk.proxy2/jdk.proxy2.$Proxy20.getScreenshotAs(Unknown Source)
at org.openqa.selenium.support.events.EventFiringWebDriver.getScreenshotAs(EventFiringWebDriver.java:303)
at com.qa.util.TestUtil.takeScreenshotAtEndOfTest(TestUtil.java:96)
at com.qa.util.WebEventListener.onException(WebEventListener.java:69)
at java.base/jdk.internal.reflect.DirectMethodHandleAccessor.invoke(DirectMethodHandleAccessor.java:103)
at java.base/java.lang.reflect.Method.invoke(Method.java:580)
at org.openqa.selenium.support.events.EventFiringWebDriver.lambda$new$0(EventFiringWebDriver.java:85)
at jdk.proxy2/jdk.proxy2.$Proxy19.onException(Unknown Source)
at org.openqa.selenium.support.events.EventFiringWebDriver.lambda$new$1(EventFiringWebDriver.java:108)
at jdk.proxy2/jdk.proxy2.$Proxy20.getScreenshotAs(Unknown Source)
at org.openqa.selenium.support.events.EventFiringWebDriver.getScreenshotAs(EventFiringWebDriver.java:303)
at com.qa.util.TestUtil.takeScreenshotAtEndOfTest(TestUtil.java:96)
at com.qa.util.WebEventListener.onException(WebEventListener.java:69)
at java.base/jdk.internal.reflect.DirectMethodHandleAccessor.invoke(DirectMethodHandleAccessor.java:103)
at java.base/java.lang.reflect.Method.invoke(Method.java:580)
at org.openqa.selenium.support.events.EventFiringWebDriver.lambda$new$0(EventFiringWebDriver.java:85)
at jdk.proxy2/jdk.proxy2.$Proxy19.onException(Unknown Source)
at org.openqa.selenium.support.events.EventFiringWebDriver.lambda$new$1(EventFiringWebDriver.java:108)
at jdk.proxy2/jdk.proxy2.$Proxy20.getScreenshotAs(Unknown Source)
at org.openqa.selenium.support.events.EventFiringWebDriver.getScreenshotAs(EventFiringWebDriver.java:303)
at com.qa.util.TestUtil.takeScreenshotAtEndOfTest(TestUtil.java:96)
at com.qa.util.WebEventListener.onException(WebEventListener.java:69)
at java.base/jdk.internal.reflect.DirectMethodHandleAccessor.invoke(DirectMethodHandleAccessor.java:103)
at java.base/java.lang.reflect.Method.invoke(Method.java:580)
at org.openqa.selenium.support.events.EventFiringWebDriver.lambda$new$0(EventFiringWebDriver.java:85)
at jdk.proxy2/jdk.proxy2.$Proxy19.onException(Unknown Source)
at org.openqa.selenium.support.events.EventFiringWebDriver.lambda$new$1(EventFiringWebDriver.java:108)
at jdk.proxy2/jdk.proxy2.$Proxy20.getScreenshotAs(Unknown Source)
at org.openqa.selenium.support.events.EventFiringWebDriver.getScreenshotAs(EventFiringWebDriver.java:303)
at com.qa.util.TestUtil.takeScreenshotAtEndOfTest(TestUtil.java:96)
at com.qa.util.WebEventListener.onException(WebEventListener.java:69)
at java.base/jdk.internal.reflect.DirectMethodHandleAccessor.invoke(DirectMethodHandleAccessor.java:103)
at java.base/java.lang.reflect.Method.invoke(Method.java:580)
at org.openqa.selenium.support.events.EventFiringWebDriver.lambda$new$0(EventFiringWebDriver.java:85)
at jdk.proxy2/jdk.proxy2.$Proxy19.onException(Unknown Source)
at org.openqa.selenium.support.events.EventFiringWebDriver.lambda$new$1(EventFiringWebDriver.java:108)
at jdk.proxy2/jdk.proxy2.$Proxy20.getScreenshotAs(Unknown Source)
at org.openqa.selenium.support.events.EventFiringWebDriver.getScreenshotAs(EventFiringWebDriver.java:303)
at com.qa.util.TestUtil.takeScreenshotAtEndOfTest(TestUtil.java:96)
at com.qa.util.WebEventListener.onException(WebEventListener.java:69)
at java.base/jdk.internal.reflect.DirectMethodHandleAccessor.invoke(DirectMethodHandleAccessor.java:103)
at java.base/java.lang.reflect.Method.invoke(Method.java:580)
at org.openqa.selenium.support.events.EventFiringWebDriver.lambda$new$0(EventFiringWebDriver.java:85)
at jdk.proxy2/jdk.proxy2.$Proxy19.onException(Unknown Source)
at org.openqa.selenium.support.events.EventFiringWebDriver.lambda$new$1(EventFiringWebDriver.java:108)
at jdk.proxy2/jdk.proxy2.$Proxy20.getScreenshotAs(Unknown Source)
at org.openqa.selenium.support.events.EventFiringWebDriver.getScreenshotAs(EventFiringWebDriver.java:303)
at com.qa.util.TestUtil.takeScreenshotAtEndOfTest(TestUtil.java:96)
at com.qa.util.WebEventListener.onException(WebEventListener.java:69)
at java.base/jdk.internal.reflect.DirectMethodHandleAccessor.invoke(DirectMethodHandleAccessor.java:103)
at java.base/java.lang.reflect.Method.invoke(Method.java:580)
at org.openqa.selenium.support.events.EventFiringWebDriver.lambda$new$0(EventFiringWebDriver.java:85)
at jdk.proxy2/jdk.proxy2.$Proxy19.onException(Unknown Source)
at org.openqa.selenium.support.events.EventFiringWebDriver.lambda$new$1(EventFiringWebDriver.java:108)
at jdk.proxy2/jdk.proxy2.$Proxy20.getScreenshotAs(Unknown Source)
at org.openqa.selenium.support.events.EventFiringWebDriver.getScreenshotAs(EventFiringWebDriver.java:303)
at com.qa.util.TestUtil.takeScreenshotAtEndOfTest(TestUtil.java:96)
at com.qa.util.WebEventListener.onException(WebEventListener.java:69)
at java.base/jdk.internal.reflect.DirectMethodHandleAccessor.invoke(DirectMethodHandleAccessor.java:103)
at java.base/java.lang.reflect.Method.invoke(Method.java:580)
at org.openqa.selenium.support.events.EventFiringWebDriver.lambda$new$0(EventFiringWebDriver.java:85)
at jdk.proxy2/jdk.proxy2.$Proxy19.onException(Unknown Source)
at org.openqa.selenium.support.events.EventFiringWebDriver.lambda$new$1(EventFiringWebDriver.java:108)
at jdk.proxy2/jdk.proxy2.$Proxy20.getScreenshotAs(Unknown Source)
at org.openqa.selenium.support.events.EventFiringWebDriver.getScreenshotAs(EventFiringWebDriver.java:303)
at com.qa.util.TestUtil.takeScreenshotAtEndOfTest(TestUtil.java:96)
at com.qa.util.WebEventListener.onException(WebEventListener.java:69)
at java.base/jdk.internal.reflect.DirectMethodHandleAccessor.invoke(DirectMethodHandleAccessor.java:103)
at java.base/java.lang.reflect.Method.invoke(Method.java:580)
at org.openqa.selenium.support.events.EventFiringWebDriver.lambda$new$0(EventFiringWebDriver.java:85)
at jdk.proxy2/jdk.proxy2.$Proxy19.onException(Unknown Source)
at org.openqa.selenium.support.events.EventFiringWebDriver.lambda$new$1(EventFiringWebDriver.java:108)
at jdk.proxy2/jdk.proxy2.$Proxy20.getScreenshotAs(Unknown Source)
at org.openqa.selenium.support.events.EventFiringWebDriver.getScreenshotAs(EventFiringWebDriver.java:303)
at com.qa.util.TestUtil.takeScreenshotAtEndOfTest(TestUtil.java:96)
at com.qa.util.WebEventListener.onException(WebEventListener.java:69)
at java.base/jdk.internal.reflect.DirectMethodHandleAccessor.invoke(DirectMethodHandleAccessor.java:103)
at java.base/java.lang.reflect.Method.invoke(Method.java:580)
at org.openqa.selenium.support.events.EventFiringWebDriver.lambda$new$0(EventFiringWebDriver.java:85)
at jdk.proxy2/jdk.proxy2.$Proxy19.onException(Unknown Source)
at org.openqa.selenium.support.events.EventFiringWebDriver.lambda$new$1(EventFiringWebDriver.java:108)
at jdk.proxy2/jdk.proxy2.$Proxy20.getScreenshotAs(Unknown Source)
at org.openqa.selenium.support.events.EventFiringWebDriver.getScreenshotAs(EventFiringWebDriver.java:303)
at com.qa.util.TestUtil.takeScreenshotAtEndOfTest(TestUtil.java:96)
at com.qa.util.WebEventListener.onException(WebEventListener.java:69)
at java.base/jdk.internal.reflect.DirectMethodHandleAccessor.invoke(DirectMethodHandleAccessor.java:103)
at java.base/java.lang.reflect.Method.invoke(Method.java:580)
at org.openqa.selenium.support.events.EventFiringWebDriver.lambda$new$0(EventFiringWebDriver.java:85)
at jdk.proxy2/jdk.proxy2.$Proxy19.onException(Unknown Source)
at org.openqa.selenium.support.events.EventFiringWebDriver.lambda$new$1(EventFiringWebDriver.java:108)
at jdk.proxy2/jdk.proxy2.$Proxy20.getScreenshotAs(Unknown Source)
at org.openqa.selenium.support.events.EventFiringWebDriver.getScreenshotAs(EventFiringWebDriver.java:303)
at com.qa.util.TestUtil.takeScreenshotAtEndOfTest(TestUtil.java:96)
at com.qa.util.WebEventListener.onException(WebEventListener.java:69)
at java.base/jdk.internal.reflect.DirectMethodHandleAccessor.invoke(DirectMethodHandleAccessor.java:103)
at java.base/java.lang.reflect.Method.invoke(Method.java:580)
at org.openqa.selenium.support.events.EventFiringWebDriver.lambda$new$0(EventFiringWebDriver.java:85)
at jdk.proxy2/jdk.proxy2.$Proxy19.onException(Unknown Source)
at org.openqa.selenium.support.events.EventFiringWebDriver.lambda$new$1(EventFiringWebDriver.java:108)
at jdk.proxy2/jdk.proxy2.$Proxy20.getScreenshotAs(Unknown Source)
at org.openqa.selenium.support.events.EventFiringWebDriver.getScreenshotAs(EventFiringWebDriver.java:303)
at com.qa.util.TestUtil.takeScreenshotAtEndOfTest(TestUtil.java:96)
at com.qa.util.WebEventListener.onException(WebEventListener.java:69)
at java.base/jdk.internal.reflect.DirectMethodHandleAccessor.invoke(DirectMethodHandleAccessor.java:103)
at java.base/java.lang.reflect.Method.invoke(Method.java:580)
at org.openqa.selenium.support.events.EventFiringWebDriver.lambda$new$0(EventFiringWebDriver.java:85)
at jdk.proxy2/jdk.proxy2.$Proxy19.onException(Unknown Source)
at org.openqa.selenium.support.events.EventFiringWebDriver.lambda$new$1(EventFiringWebDriver.java:108)
at jdk.proxy2/jdk.proxy2.$Proxy20.getScreenshotAs(Unknown Source)
at org.openqa.selenium.support.events.EventFiringWebDriver.getScreenshotAs(EventFiringWebDriver.java:303)
at com.qa.util.TestUtil.takeScreenshotAtEndOfTest(TestUtil.java:96)
at com.qa.util.WebEventListener.onException(WebEventListener.java:69)
at java.base/jdk.internal.reflect.DirectMethodHandleAccessor.invoke(DirectMethodHandleAccessor.java:103)
at java.base/java.lang.reflect.Method.invoke(Method.java:580)
at org.openqa.selenium.support.events.EventFiringWebDriver.lambda$new$0(EventFiringWebDriver.java:85)
at jdk.proxy2/jdk.proxy2.$Proxy19.onException(Unknown Source)
at org.openqa.selenium.support.events.EventFiringWebDriver.lambda$new$1(EventFiringWebDriver.java:108)
at jdk.proxy2/jdk.proxy2.$Proxy20.getScreenshotAs(Unknown Source)
at org.openqa.selenium.support.events.EventFiringWebDriver.getScreenshotAs(EventFiringWebDriver.java:303)
at com.qa.util.TestUtil.takeScreenshotAtEndOfTest(TestUtil.java:96)
at com.qa.util.WebEventListener.onException(WebEventListener.java:69)
at java.base/jdk.internal.reflect.DirectMethodHandleAccessor.invoke(DirectMethodHandleAccessor.java:103)
at java.base/java.lang.reflect.Method.invoke(Method.java:580)
at org.openqa.selenium.support.events.EventFiringWebDriver.lambda$new$0(EventFiringWebDriver.java:85)
at jdk.proxy2/jdk.proxy2.$Proxy19.onException(Unknown Source)
at org.openqa.selenium.support.events.EventFiringWebDriver.lambda$new$1(EventFiringWebDriver.java:108)
at jdk.proxy2/jdk.proxy2.$Proxy20.getScreenshotAs(Unknown Source)
at org.openqa.selenium.support.events.EventFiringWebDriver.getScreenshotAs(EventFiringWebDriver.java:303)
at com.qa.util.TestUtil.takeScreenshotAtEndOfTest(TestUtil.java:96)
at com.qa.util.WebEventListener.onException(WebEventListener.java:69)
at java.base/jdk.internal.reflect.DirectMethodHandleAccessor.invoke(DirectMethodHandleAccessor.java:103)
at java.base/java.lang.reflect.Method.invoke(Method.java:580)
at org.openqa.selenium.support.events.EventFiringWebDriver.lambda$new$0(EventFiringWebDriver.java:85)
at jdk.proxy2/jdk.proxy2.$Proxy19.onException(Unknown Source)
at org.openqa.selenium.support.events.EventFiringWebDriver.lambda$new$1(EventFiringWebDriver.java:108)
at jdk.proxy2/jdk.proxy2.$Proxy20.getScreenshotAs(Unknown Source)
at org.openqa.selenium.support.events.EventFiringWebDriver.getScreenshotAs(EventFiringWebDriver.java:303)
at com.qa.util.TestUtil.takeScreenshotAtEndOfTest(TestUtil.java:96)
at com.qa.util.WebEventListener.onException(WebEventListener.java:69)
at java.base/jdk.internal.reflect.DirectMethodHandleAccessor.invoke(DirectMethodHandleAccessor.java:103)
at java.base/java.lang.reflect.Method.invoke(Method.java:580)
at org.openqa.selenium.support.events.EventFiringWebDriver.lambda$new$0(EventFiringWebDriver.java:85)
at jdk.proxy2/jdk.proxy2.$Proxy19.onException(Unknown Source)
at org.openqa.selenium.support.events.EventFiringWebDriver.lambda$new$1(EventFiringWebDriver.java:108)
at jdk.proxy2/jdk.proxy2.$Proxy20.getScreenshotAs(Unknown Source)
at org.openqa.selenium.support.events.EventFiringWebDriver.getScreenshotAs(EventFiringWebDriver.java:303)
at com.qa.util.TestUtil.takeScreenshotAtEndOfTest(TestUtil.java:96)
at com.qa.util.WebEventListener.onException(WebEventListener.java:69)
at java.base/jdk.internal.reflect.DirectMethodHandleAccessor.invoke(DirectMethodHandleAccessor.java:103)
at java.base/java.lang.reflect.Method.invoke(Method.java:580)
at org.openqa.selenium.support.events.EventFiringWebDriver.lambda$new$0(EventFiringWebDriver.java:85)
at jdk.proxy2/jdk.proxy2.$Proxy19.onException(Unknown Source)
at org.openqa.selenium.support.events.EventFiringWebDriver.lambda$new$1(EventFiringWebDriver.java:108)
at jdk.proxy2/jdk.proxy2.$Proxy20.getScreenshotAs(Unknown Source)
at org.openqa.selenium.support.events.EventFiringWebDriver.getScreenshotAs(EventFiringWebDriver.java:303)
at com.qa.util.TestUtil.takeScreenshotAtEndOfTest(TestUtil.java:96)
at com.qa.util.WebEventListener.onException(WebEventListener.java:69)
at java.base/jdk.internal.reflect.DirectMethodHandleAccessor.invoke(DirectMethodHandleAccessor.java:103)
at java.base/java.lang.reflect.Method.invoke(Method.java:580)
at org.openqa.selenium.support.events.EventFiringWebDriver.lambda$new$0(EventFiringWebDriver.java:85)
at jdk.proxy2/jdk.proxy2.$Proxy19.onException(Unknown Source)
at org.openqa.selenium.support.events.EventFiringWebDriver.lambda$new$1(EventFiringWebDriver.java:108)
at jdk.proxy2/jdk.proxy2.$Proxy20.getScreenshotAs(Unknown Source)
at org.openqa.selenium.support.events.EventFiringWebDriver.getScreenshotAs(EventFiringWebDriver.java:303)
at com.qa.util.TestUtil.takeScreenshotAtEndOfTest(TestUtil.java:96)
at com.qa.util.WebEventListener.onException(WebEventListener.java:69)
at java.base/jdk.internal.reflect.DirectMethodHandleAccessor.invoke(DirectMethodHandleAccessor.java:103)
at java.base/java.lang.reflect.Method.invoke(Method.java:580)
at org.openqa.selenium.support.events.EventFiringWebDriver.lambda$new$0(EventFiringWebDriver.java:85)
at jdk.proxy2/jdk.proxy2.$Proxy19.onException(Unknown Source)
at org.openqa.selenium.support.events.EventFiringWebDriver.lambda$new$1(EventFiringWebDriver.java:108)
at jdk.proxy2/jdk.proxy2.$Proxy20.getScreenshotAs(Unknown Source)
at org.openqa.selenium.support.events.EventFiringWebDriver.getScreenshotAs(EventFiringWebDriver.java:303)
at com.qa.util.TestUtil.takeScreenshotAtEndOfTest(TestUtil.java:96)
at com.qa.util.WebEventListener.onException(WebEventListener.java:69)
at java.base/jdk.internal.reflect.DirectMethodHandleAccessor.invoke(DirectMethodHandleAccessor.java:103)
at java.base/java.lang.reflect.Method.invoke(Method.java:580)
at org.openqa.selenium.support.events.EventFiringWebDriver.lambda$new$0(EventFiringWebDriver.java:85)
at jdk.proxy2/jdk.proxy2.$Proxy19.onException(Unknown Source)
at org.openqa.selenium.support.events.EventFiringWebDriver.lambda$new$1(EventFiringWebDriver.java:108)
at jdk.proxy2/jdk.proxy2.$Proxy20.getScreenshotAs(Unknown Source)
at org.openqa.selenium.support.events.EventFiringWebDriver.getScreenshotAs(EventFiringWebDriver.java:303)
at com.qa.util.TestUtil.takeScreenshotAtEndOfTest(TestUtil.java:96)
at com.qa.util.WebEventListener.onException(WebEventListener.java:69)
at java.base/jdk.internal.reflect.DirectMethodHandleAccessor.invoke(DirectMethodHandleAccessor.java:103)
at java.base/java.lang.reflect.Method.invoke(Method.java:580)
at org.openqa.selenium.support.events.EventFiringWebDriver.lambda$new$0(EventFiringWebDriver.java:85)
at jdk.proxy2/jdk.proxy2.$Proxy19.onException(Unknown Source)
at org.openqa.selenium.support.events.EventFiringWebDriver.lambda$new$1(EventFiringWebDriver.java:108)
at jdk.proxy2/jdk.proxy2.$Proxy20.getScreenshotAs(Unknown Source)
at org.openqa.selenium.support.events.EventFiringWebDriver.getScreenshotAs(EventFiringWebDriver.java:303)
at com.qa.util.TestUtil.takeScreenshotAtEndOfTest(TestUtil.java:96)
at com.qa.util.WebEventListener.onException(WebEventListener.java:69)
at java.base/jdk.internal.reflect.DirectMethodHandleAccessor.invoke(DirectMethodHandleAccessor.java:103)
at java.base/java.lang.reflect.Method.invoke(Method.java:580)
at org.openqa.selenium.support.events.EventFiringWebDriver.lambda$new$0(EventFiringWebDriver.java:85)
at jdk.proxy2/jdk.proxy2.$Proxy19.onException(Unknown Source)
at org.openqa.selenium.support.events.EventFiringWebDriver.lambda$new$1(EventFiringWebDriver.java:108)
at jdk.proxy2/jdk.proxy2.$Proxy20.getScreenshotAs(Unknown Source)
at org.openqa.selenium.support.events.EventFiringWebDriver.getScreenshotAs(EventFiringWebDriver.java:303)
at com.qa.util.TestUtil.takeScreenshotAtEndOfTest(TestUtil.java:96)
at com.qa.util.WebEventListener.onException(WebEventListener.java:69)
at java.base/jdk.internal.reflect.DirectMethodHandleAccessor.invoke(DirectMethodHandleAccessor.java:103)
at java.base/java.lang.reflect.Method.invoke(Method.java:580)
at org.openqa.selenium.support.events.EventFiringWebDriver.lambda$new$0(EventFiringWebDriver.java:85)
at jdk.proxy2/jdk.proxy2.$Proxy19.onException(Unknown Source)
at org.openqa.selenium.support.events.EventFiringWebDriver.lambda$new$1(EventFiringWebDriver.java:108)
at jdk.proxy2/jdk.proxy2.$Proxy20.getScreenshotAs(Unknown Source)
at org.openqa.selenium.support.events.EventFiringWebDriver.getScreenshotAs(EventFiringWebDriver.java:303)
at com.qa.util.TestUtil.takeScreenshotAtEndOfTest(TestUtil.java:96)
at com.qa.util.WebEventListener.onException(WebEventListener.java:69)
at java.base/jdk.internal.reflect.DirectMethodHandleAccessor.invoke(DirectMethodHandleAccessor.java:103)
at java.base/java.lang.reflect.Method.invoke(Method.java:580)
at org.openqa.selenium.support.events.EventFiringWebDriver.lambda$new$0(EventFiringWebDriver.java:85)
at jdk.proxy2/jdk.proxy2.$Proxy19.onException(Unknown Source)
at org.openqa.selenium.support.events.EventFiringWebDriver.lambda$new$1(EventFiringWebDriver.java:108)
at jdk.proxy2/jdk.proxy2.$Proxy20.getScreenshotAs(Unknown Source)
at org.openqa.selenium.support.events.EventFiringWebDriver.getScreenshotAs(EventFiringWebDriver.java:303)
at com.qa.util.TestUtil.takeScreenshotAtEndOfTest(TestUtil.java:96)
at com.qa.util.WebEventListener.onException(WebEventListener.java:69)
at java.base/jdk.internal.reflect.DirectMethodHandleAccessor.invoke(DirectMethodHandleAccessor.java:103)
at java.base/java.lang.reflect.Method.invoke(Method.java:580)
at org.openqa.selenium.support.events.EventFiringWebDriver.lambda$new$0(EventFiringWebDriver.java:85)
at jdk.proxy2/jdk.proxy2.$Proxy19.onException(Unknown Source)
at org.openqa.selenium.support.events.EventFiringWebDriver.lambda$new$1(EventFiringWebDriver.java:108)
at jdk.proxy2/jdk.proxy2.$Proxy20.getScreenshotAs(Unknown Source)
at org.openqa.selenium.support.events.EventFiringWebDriver.getScreenshotAs(EventFiringWebDriver.java:303)
at com.qa.util.TestUtil.takeScreenshotAtEndOfTest(TestUtil.java:96)
at com.qa.util.WebEventListener.onException(WebEventListener.java:69)
at java.base/jdk.internal.reflect.DirectMethodHandleAccessor.invoke(DirectMethodHandleAccessor.java:103)
at java.base/java.lang.reflect.Method.invoke(Method.java:580)
at org.openqa.selenium.support.events.EventFiringWebDriver.lambda$new$0(EventFiringWebDriver.java:85)
at jdk.proxy2/jdk.proxy2.$Proxy19.onException(Unknown Source)
at org.openqa.selenium.support.events.EventFiringWebDriver.lambda$new$1(EventFiringWebDriver.java:108)
at jdk.proxy2/jdk.proxy2.$Proxy20.getScreenshotAs(Unknown Source)
at org.openqa.selenium.support.events.EventFiringWebDriver.getScreenshotAs(EventFiringWebDriver.java:303)
at com.qa.util.TestUtil.takeScreenshotAtEndOfTest(TestUtil.java:96)
at com.qa.util.WebEventListener.onException(WebEventListener.java:69)
at java.base/jdk.internal.reflect.DirectMethodHandleAccessor.invoke(DirectMethodHandleAccessor.java:103)
at java.base/java.lang.reflect.Method.invoke(Method.java:580)
at org.openqa.selenium.support.events.EventFiringWebDriver.lambda$new$0(EventFiringWebDriver.java:85)
at jdk.proxy2/jdk.proxy2.$Proxy19.onException(Unknown Source)
at org.openqa.selenium.support.events.EventFiringWebDriver.lambda$new$1(EventFiringWebDriver.java:108)
at jdk.proxy2/jdk.proxy2.$Proxy20.getScreenshotAs(Unknown Source)
at org.openqa.selenium.support.events.EventFiringWebDriver.getScreenshotAs(EventFiringWebDriver.java:303)
at com.qa.util.TestUtil.takeScreenshotAtEndOfTest(TestUtil.java:96)
at com.qa.util.WebEventListener.onException(WebEventListener.java:69)
at java.base/jdk.internal.reflect.DirectMethodHandleAccessor.invoke(DirectMethodHandleAccessor.java:103)
at java.base/java.lang.reflect.Method.invoke(Method.java:580)
at org.openqa.selenium.support.events.EventFiringWebDriver.lambda$new$0(EventFiringWebDriver.java:85)
at jdk.proxy2/jdk.proxy2.$Proxy19.onException(Unknown Source)
at org.openqa.selenium.support.events.EventFiringWebDriver.lambda$new$1(EventFiringWebDriver.java:108)
at jdk.proxy2/jdk.proxy2.$Proxy20.getScreenshotAs(Unknown Source)
at org.openqa.selenium.support.events.EventFiringWebDriver.getScreenshotAs(EventFiringWebDriver.java:303)
at com.qa.util.TestUtil.takeScreenshotAtEndOfTest(TestUtil.java:96)
at com.qa.util.WebEventListener.onException(WebEventListener.java:69)
at java.base/jdk.internal.reflect.DirectMethodHandleAccessor.invoke(DirectMethodHandleAccessor.java:103)
at java.base/java.lang.reflect.Method.invoke(Method.java:580)
at org.openqa.selenium.support.events.EventFiringWebDriver.lambda$new$0(EventFiringWebDriver.java:85)
at jdk.proxy2/jdk.proxy2.$Proxy19.onException(Unknown Source)
at org.openqa.selenium.support.events.EventFiringWebDriver.lambda$new$1(EventFiringWebDriver.java:108)
at jdk.proxy2/jdk.proxy2.$Proxy20.getScreenshotAs(Unknown Source)
at org.openqa.selenium.support.events.EventFiringWebDriver.getScreenshotAs(EventFiringWebDriver.java:303)
at com.qa.util.TestUtil.takeScreenshotAtEndOfTest(TestUtil.java:96)
at com.qa.util.WebEventListener.onException(WebEventListener.java:69)
at java.base/jdk.internal.reflect.DirectMethodHandleAccessor.invoke(DirectMethodHandleAccessor.java:103)
at java.base/java.lang.reflect.Method.invoke(Method.java:580)
at org.openqa.selenium.support.events.EventFiringWebDriver.lambda$new$0(EventFiringWebDriver.java:85)
at jdk.proxy2/jdk.proxy2.$Proxy19.onException(Unknown Source)
at org.openqa.selenium.support.events.EventFiringWebDriver.lambda$new$1(EventFiringWebDriver.java:108)
at jdk.proxy2/jdk.proxy2.$Proxy20.getScreenshotAs(Unknown Source)
at org.openqa.selenium.support.events.EventFiringWebDriver.getScreenshotAs(EventFiringWebDriver.java:303)
at com.qa.util.TestUtil.takeScreenshotAtEndOfTest(TestUtil.java:96)
at com.qa.util.WebEventListener.onException(WebEventListener.java:69)
at java.base/jdk.internal.reflect.DirectMethodHandleAccessor.invoke(DirectMethodHandleAccessor.java:103)
at java.base/java.lang.reflect.Method.invoke(Method.java:580)
at org.openqa.selenium.support.events.EventFiringWebDriver.lambda$new$0(EventFiringWebDriver.java:85)
at jdk.proxy2/jdk.proxy2.$Proxy19.onException(Unknown Source)
at org.openqa.selenium.support.events.EventFiringWebDriver.lambda$new$1(EventFiringWebDriver.java:108)
at jdk.proxy2/jdk.proxy2.$Proxy20.getScreenshotAs(Unknown Source)
at org.openqa.selenium.support.events.EventFiringWebDriver.getScreenshotAs(EventFiringWebDriver.java:303)
at com.qa.util.TestUtil.takeScreenshotAtEndOfTest(TestUtil.java:96)
at com.qa.util.WebEventListener.onException(WebEventListener.java:69)
at java.base/jdk.internal.reflect.DirectMethodHandleAccessor.invoke(DirectMethodHandleAccessor.java:103)
at java.base/java.lang.reflect.Method.invoke(Method.java:580)
at org.openqa.selenium.support.events.EventFiringWebDriver.lambda$new$0(EventFiringWebDriver.java:85)
at jdk.proxy2/jdk.proxy2.$Proxy19.onException(Unknown Source)
at org.openqa.selenium.support.events.EventFiringWebDriver.lambda$new$1(EventFiringWebDriver.java:108)
at jdk.proxy2/jdk.proxy2.$Proxy20.getScreenshotAs(Unknown Source)
at org.openqa.selenium.support.events.EventFiringWebDriver.getScreenshotAs(EventFiringWebDriver.java:303)
at com.qa.util.TestUtil.takeScreenshotAtEndOfTest(TestUtil.java:96)
at com.qa.util.WebEventListener.onException(WebEventListener.java:69)
at java.base/jdk.internal.reflect.DirectMethodHandleAccessor.invoke(DirectMethodHandleAccessor.java:103)
at java.base/java.lang.reflect.Method.invoke(Method.java:580)
at org.openqa.selenium.support.events.EventFiringWebDriver.lambda$new$0(EventFiringWebDriver.java:85)
at jdk.proxy2/jdk.proxy2.$Proxy19.onException(Unknown Source)
at org.openqa.selenium.support.events.EventFiringWebDriver.lambda$new$1(EventFiringWebDriver.java:108)
at jdk.proxy2/jdk.proxy2.$Proxy20.getScreenshotAs(Unknown Source)
at org.openqa.selenium.support.events.EventFiringWebDriver.getScreenshotAs(EventFiringWebDriver.java:303)
at com.qa.util.TestUtil.takeScreenshotAtEndOfTest(TestUtil.java:96)
at com.qa.util.WebEventListener.onException(WebEventListener.java:69)
at java.base/jdk.internal.reflect.DirectMethodHandleAccessor.invoke(DirectMethodHandleAccessor.java:103)
at java.base/java.lang.reflect.Method.invoke(Method.java:580)
at org.openqa.selenium.support.events.EventFiringWebDriver.lambda$new$0(EventFiringWebDriver.java:85)
at jdk.proxy2/jdk.proxy2.$Proxy19.onException(Unknown Source)
at org.openqa.selenium.support.events.EventFiringWebDriver.lambda$new$1(EventFiringWebDriver.java:108)
at jdk.proxy2/jdk.proxy2.$Proxy20.getScreenshotAs(Unknown Source)
at org.openqa.selenium.support.events.EventFiringWebDriver.getScreenshotAs(EventFiringWebDriver.java:303)
at com.qa.util.TestUtil.takeScreenshotAtEndOfTest(TestUtil.java:96)
at com.qa.util.WebEventListener.onException(WebEventListener.java:69)
at java.base/jdk.internal.reflect.DirectMethodHandleAccessor.invoke(DirectMethodHandleAccessor.java:103)
at java.base/java.lang.reflect.Method.invoke(Method.java:580)
at org.openqa.selenium.support.events.EventFiringWebDriver.lambda$new$0(EventFiringWebDriver.java:85)
at jdk.proxy2/jdk.proxy2.$Proxy19.onException(Unknown Source)
at org.openqa.selenium.support.events.EventFiringWebDriver.lambda$new$1(EventFiringWebDriver.java:108)
at jdk.proxy2/jdk.proxy2.$Proxy20.getScreenshotAs(Unknown Source)
at org.openqa.selenium.support.events.EventFiringWebDriver.getScreenshotAs(EventFiringWebDriver.java:303)
at com.qa.util.TestUtil.takeScreenshotAtEndOfTest(TestUtil.java:96)
at com.qa.util.WebEventListener.onException(WebEventListener.java:69)
at java.base/jdk.internal.reflect.DirectMethodHandleAccessor.invoke(DirectMethodHandleAccessor.java:103)
at java.base/java.lang.reflect.Method.invoke(Method.java:580)
at org.openqa.selenium.support.events.EventFiringWebDriver.lambda$new$0(EventFiringWebDriver.java:85)
at jdk.proxy2/jdk.proxy2.$Proxy19.onException(Unknown Source)
at org.openqa.selenium.support.events.EventFiringWebDriver.lambda$new$1(EventFiringWebDriver.java:108)
at jdk.proxy2/jdk.proxy2.$Proxy20.getScreenshotAs(Unknown Source)
at org.openqa.selenium.support.events.EventFiringWebDriver.getScreenshotAs(EventFiringWebDriver.java:303)
at com.qa.util.TestUtil.takeScreenshotAtEndOfTest(TestUtil.java:96)
at com.qa.util.WebEventListener.onException(WebEventListener.java:69)
at java.base/jdk.internal.reflect.DirectMethodHandleAccessor.invoke(DirectMethodHandleAccessor.java:103)
at java.base/java.lang.reflect.Method.invoke(Method.java:580)
at org.openqa.selenium.support.events.EventFiringWebDriver.lambda$new$0(EventFiringWebDriver.java:85)
at jdk.proxy2/jdk.proxy2.$Proxy19.onException(Unknown Source)
at org.openqa.selenium.support.events.EventFiringWebDriver.lambda$new$1(EventFiringWebDriver.java:108)
at jdk.proxy2/jdk.proxy2.$Proxy20.getScreenshotAs(Unknown Source)
at org.openqa.selenium.support.events.EventFiringWebDriver.getScreenshotAs(EventFiringWebDriver.java:303)
at com.qa.util.TestUtil.takeScreenshotAtEndOfTest(TestUtil.java:96)
at com.qa.util.WebEventListener.onException(WebEventListener.java:69)
at java.base/jdk.internal.reflect.DirectMethodHandleAccessor.invoke(DirectMethodHandleAccessor.java:103)
at java.base/java.lang.reflect.Method.invoke(Method.java:580)
at org.openqa.selenium.support.events.EventFiringWebDriver.lambda$new$0(EventFiringWebDriver.java:85)
at jdk.proxy2/jdk.proxy2.$Proxy19.onException(Unknown Source)
at org.openqa.selenium.support.events.EventFiringWebDriver.lambda$new$1(EventFiringWebDriver.java:108)
at jdk.proxy2/jdk.proxy2.$Proxy20.getScreenshotAs(Unknown Source)
at org.openqa.selenium.support.events.EventFiringWebDriver.getScreenshotAs(EventFiringWebDriver.java:303)
at com.qa.util.TestUtil.takeScreenshotAtEndOfTest(TestUtil.java:96)
at com.qa.util.WebEventListener.onException(WebEventListener.java:69)
at java.base/jdk.internal.reflect.DirectMethodHandleAccessor.invoke(DirectMethodHandleAccessor.java:103)
at java.base/java.lang.reflect.Method.invoke(Method.java:580)
at org.openqa.selenium.support.events.EventFiringWebDriver.lambda$new$0(EventFiringWebDriver.java:85)
at jdk.proxy2/jdk.proxy2.$Proxy19.onException(Unknown Source)
at org.openqa.selenium.support.events.EventFiringWebDriver.lambda$new$1(EventFiringWebDriver.java:108)
at jdk.proxy2/jdk.proxy2.$Proxy20.getScreenshotAs(Unknown Source)
at org.openqa.selenium.support.events.EventFiringWebDriver.getScreenshotAs(EventFiringWebDriver.java:303)
at com.qa.util.TestUtil.takeScreenshotAtEndOfTest(TestUtil.java:96)
at com.qa.util.WebEventListener.onException(WebEventListener.java:69)
at java.base/jdk.internal.reflect.DirectMethodHandleAccessor.invoke(DirectMethodHandleAccessor.java:103)
at java.base/java.lang.reflect.Method.invoke(Method.java:580)
at org.openqa.selenium.support.events.EventFiringWebDriver.lambda$new$0(EventFiringWebDriver.java:85)
at jdk.proxy2/jdk.proxy2.$Proxy19.onException(Unknown Source)
at org.openqa.selenium.support.events.EventFiringWebDriver.lambda$new$1(EventFiringWebDriver.java:108)
at jdk.proxy2/jdk.proxy2.$Proxy20.getScreenshotAs(Unknown Source)
at org.openqa.selenium.support.events.EventFiringWebDriver.getScreenshotAs(EventFiringWebDriver.java:303)
at com.qa.util.TestUtil.takeScreenshotAtEndOfTest(TestUtil.java:96)
at com.qa.util.WebEventListener.onException(WebEventListener.java:69)
at java.base/jdk.internal.reflect.DirectMethodHandleAccessor.invoke(DirectMethodHandleAccessor.java:103)
at java.base/java.lang.reflect.Method.invoke(Method.java:580)
at org.openqa.selenium.support.events.EventFiringWebDriver.lambda$new$0(EventFiringWebDriver.java:85)
at jdk.proxy2/jdk.proxy2.$Proxy19.onException(Unknown Source)
at org.openqa.selenium.support.events.EventFiringWebDriver.lambda$new$1(EventFiringWebDriver.java:108)
at jdk.proxy2/jdk.proxy2.$Proxy20.getScreenshotAs(Unknown Source)
at org.openqa.selenium.support.events.EventFiringWebDriver.getScreenshotAs(EventFiringWebDriver.java:303)
at com.qa.util.TestUtil.takeScreenshotAtEndOfTest(TestUtil.java:96)
at com.qa.util.WebEventListener.onException(WebEventListener.java:69)
at java.base/jdk.internal.reflect.DirectMethodHandleAccessor.invoke(DirectMethodHandleAccessor.java:103)
at java.base/java.lang.reflect.Method.invoke(Method.java:580)
at org.openqa.selenium.support.events.EventFiringWebDriver.lambda$new$0(EventFiringWebDriver.java:85)
at jdk.proxy2/jdk.proxy2.$Proxy19.onException(Unknown Source)
at org.openqa.selenium.support.events.EventFiringWebDriver.lambda$new$1(EventFiringWebDriver.java:108)
at jdk.proxy2/jdk.proxy2.$Proxy20.getScreenshotAs(Unknown Source)
at org.openqa.selenium.support.events.EventFiringWebDriver.getScreenshotAs(EventFiringWebDriver.java:303)
at com.qa.util.TestUtil.takeScreenshotAtEndOfTest(TestUtil.java:96)
at com.qa.util.WebEventListener.onException(WebEventListener.java:69)
at java.base/jdk.internal.reflect.DirectMethodHandleAccessor.invoke(DirectMethodHandleAccessor.java:103)
at java.base/java.lang.reflect.Method.invoke(Method.java:580)
at org.openqa.selenium.support.events.EventFiringWebDriver.lambda$new$0(EventFiringWebDriver.java:85)
at jdk.proxy2/jdk.proxy2.$Proxy19.onException(Unknown Source)
at org.openqa.selenium.support.events.EventFiringWebDriver.lambda$new$1(EventFiringWebDriver.java:108)
at jdk.proxy2/jdk.proxy2.$Proxy20.getScreenshotAs(Unknown Source)
at org.openqa.selenium.support.events.EventFiringWebDriver.getScreenshotAs(EventFiringWebDriver.java:303)
at com.qa.util.TestUtil.takeScreenshotAtEndOfTest(TestUtil.java:96)
at com.qa.util.WebEventListener.onException(WebEventListener.java:69)
at java.base/jdk.internal.reflect.DirectMethodHandleAccessor.invoke(DirectMethodHandleAccessor.java:103)
at java.base/java.lang.reflect.Method.invoke(Method.java:580)
at org.openqa.selenium.support.events.EventFiringWebDriver.lambda$new$0(EventFiringWebDriver.java:85)
at jdk.proxy2/jdk.proxy2.$Proxy19.onException(Unknown Source)
at org.openqa.selenium.support.events.EventFiringWebDriver.lambda$new$1(EventFiringWebDriver.java:108)
at jdk.proxy2/jdk.proxy2.$Proxy20.getScreenshotAs(Unknown Source)
at org.openqa.selenium.support.events.EventFiringWebDriver.getScreenshotAs(EventFiringWebDriver.java:303)
at com.qa.util.TestUtil.takeScreenshotAtEndOfTest(TestUtil.java:96)
at com.qa.util.WebEventListener.onException(WebEventListener.java:69)
at java.base/jdk.internal.reflect.DirectMethodHandleAccessor.invoke(DirectMethodHandleAccessor.java:103)
at java.base/java.lang.reflect.Method.invoke(Method.java:580)
at org.openqa.selenium.support.events.EventFiringWebDriver.lambda$new$0(EventFiringWebDriver.java:85)
at jdk.proxy2/jdk.proxy2.$Proxy19.onException(Unknown Source)
at org.openqa.selenium.support.events.EventFiringWebDriver.lambda$new$1(EventFiringWebDriver.java:108)
at jdk.proxy2/jdk.proxy2.$Proxy20.getScreenshotAs(Unknown Source)
at org.openqa.selenium.support.events.EventFiringWebDriver.getScreenshotAs(EventFiringWebDriver.java:303)
at com.qa.util.TestUtil.takeScreenshotAtEndOfTest(TestUtil.java:96)
at com.qa.util.WebEventListener.onException(WebEventListener.java:69)
at java.base/jdk.internal.reflect.DirectMethodHandleAccessor.invoke(DirectMethodHandleAccessor.java:103)
at java.base/java.lang.reflect.Method.invoke(Method.java:580)
at org.openqa.selenium.support.events.EventFiringWebDriver.lambda$new$0(EventFiringWebDriver.java:85)
at jdk.proxy2/jdk.proxy2.$Proxy19.onException(Unknown Source)
at org.openqa.selenium.support.events.EventFiringWebDriver.lambda$new$1(EventFiringWebDriver.java:108)
at jdk.proxy2/jdk.proxy2.$Proxy20.getScreenshotAs(Unknown Source)
at org.openqa.selenium.support.events.EventFiringWebDriver.getScreenshotAs(EventFiringWebDriver.java:303)
at com.qa.util.TestUtil.takeScreenshotAtEndOfTest(TestUtil.java:96)
at com.qa.util.WebEventListener.onException(WebEventListener.java:69)
at java.base/jdk.internal.reflect.DirectMethodHandleAccessor.invoke(DirectMethodHandleAccessor.java:103)
at java.base/java.lang.reflect.Method.invoke(Method.java:580)
at org.openqa.selenium.support.events.EventFiringWebDriver.lambda$new$0(EventFiringWebDriver.java:85)
at jdk.proxy2/jdk.proxy2.$Proxy19.onException(Unknown Source)
at org.openqa.selenium.support.events.EventFiringWebDriver.lambda$new$1(EventFiringWebDriver.java:108)
at jdk.proxy2/jdk.proxy2.$Proxy20.getScreenshotAs(Unknown Source)
at org.openqa.selenium.support.events.EventFiringWebDriver.getScreenshotAs(EventFiringWebDriver.java:303)
at com.qa.util.TestUtil.takeScreenshotAtEndOfTest(TestUtil.java:96)
at com.qa.util.WebEventListener.onException(WebEventListener.java:69)
at java.base/jdk.internal.reflect.DirectMethodHandleAccessor.invoke(DirectMethodHandleAccessor.java:103)
at java.base/java.lang.reflect.Method.invoke(Method.java:580)
at org.openqa.selenium.support.events.EventFiringWebDriver.lambda$new$0(EventFiringWebDriver.java:85)
at jdk.proxy2/jdk.proxy2.$Proxy19.onException(Unknown Source)
at org.openqa.selenium.support.events.EventFiringWebDriver.lambda$new$1(EventFiringWebDriver.java:108)
at jdk.proxy2/jdk.proxy2.$Proxy20.getScreenshotAs(Unknown Source)
at org.openqa.selenium.support.events.EventFiringWebDriver.getScreenshotAs(EventFiringWebDriver.java:303)
at com.qa.util.TestUtil.takeScreenshotAtEndOfTest(TestUtil.java:96)
at com.qa.util.WebEventListener.onException(WebEventListener.java:69)
at java.base/jdk.internal.reflect.DirectMethodHandleAccessor.invoke(DirectMethodHandleAccessor.java:103)
at java.base/java.lang.reflect.Method.invoke(Method.java:580)
at org.openqa.selenium.support.events.EventFiringWebDriver.lambda$new$0(EventFiringWebDriver.java:85)
at jdk.proxy2/jdk.proxy2.$Proxy19.onException(Unknown Source)
at org.openqa.selenium.support.events.EventFiringWebDriver.lambda$new$1(EventFiringWebDriver.java:108)
at jdk.proxy2/jdk.proxy2.$Proxy20.getScreenshotAs(Unknown Source)
at org.openqa.selenium.support.events.EventFiringWebDriver.getScreenshotAs(EventFiringWebDriver.java:303)
at com.qa.util.TestUtil.takeScreenshotAtEndOfTest(TestUtil.java:96)
at com.qa.util.WebEventListener.onException(WebEventListener.java:69)
at java.base/jdk.internal.reflect.DirectMethodHandleAccessor.invoke(DirectMethodHandleAccessor.java:103)
at java.base/java.lang.reflect.Method.invoke(Method.java:580)
at org.openqa.selenium.support.events.EventFiringWebDriver.lambda$new$0(EventFiringWebDriver.java:85)
at jdk.proxy2/jdk.proxy2.$Proxy19.onException(Unknown Source)
at org.openqa.selenium.support.events.EventFiringWebDriver.lambda$new$1(EventFiringWebDriver.java:108)
at jdk.proxy2/jdk.proxy2.$Proxy20.getScreenshotAs(Unknown Source)
at org.openqa.selenium.support.events.EventFiringWebDriver.getScreenshotAs(EventFiringWebDriver.java:303)
at com.qa.util.TestUtil.takeScreenshotAtEndOfTest(TestUtil.java:96)
at com.qa.util.WebEventListener.onException(WebEventListener.java:69)
at java.base/jdk.internal.reflect.DirectMethodHandleAccessor.invoke(DirectMethodHandleAccessor.java:103)
at java.base/java.lang.reflect.Method.invoke(Method.java:580)
at org.openqa.selenium.support.events.EventFiringWebDriver.lambda$new$0(EventFiringWebDriver.java:85)
at jdk.proxy2/jdk.proxy2.$Proxy19.onException(Unknown Source)
at org.openqa.selenium.support.events.EventFiringWebDriver.lambda$new$1(EventFiringWebDriver.java:108)
at jdk.proxy2/jdk.proxy2.$Proxy20.getScreenshotAs(Unknown Source)
at org.openqa.selenium.support.events.EventFiringWebDriver.getScreenshotAs(EventFiringWebDriver.java:303)
at com.qa.util.TestUtil.takeScreenshotAtEndOfTest(TestUtil.java:96)
at com.qa.util.WebEventListener.onException(WebEventListener.java:69)
at java.base/jdk.internal.reflect.DirectMethodHandleAccessor.invoke(DirectMethodHandleAccessor.java:103)
at java.base/java.lang.reflect.Method.invoke(Method.java:580)
at org.openqa.selenium.support.events.EventFiringWebDriver.lambda$new$0(EventFiringWebDriver.java:85)
at jdk.proxy2/jdk.proxy2.$Proxy19.onException(Unknown Source)
at org.openqa.selenium.support.events.EventFiringWebDriver.lambda$new$1(EventFiringWebDriver.java:108)
at jdk.proxy2/jdk.proxy2.$Proxy20.getScreenshotAs(Unknown Source)
at org.openqa.selenium.support.events.EventFiringWebDriver.getScreenshotAs(EventFiringWebDriver.java:303)
at com.qa.util.TestUtil.takeScreenshotAtEndOfTest(TestUtil.java:96)
at com.qa.util.WebEventListener.onException(WebEventListener.java:69)
at java.base/jdk.internal.reflect.DirectMethodHandleAccessor.invoke(DirectMethodHandleAccessor.java:103)
at java.base/java.lang.reflect.Method.invoke(Method.java:580)
at org.openqa.selenium.support.events.EventFiringWebDriver.lambda$new$0(EventFiringWebDriver.java:85)
at jdk.proxy2/jdk.proxy2.$Proxy19.onException(Unknown Source)
at org.openqa.selenium.support.events.EventFiringWebDriver.lambda$new$1(EventFiringWebDriver.java:108)
at jdk.proxy2/jdk.proxy2.$Proxy20.getScreenshotAs(Unknown Source)
at org.openqa.selenium.support.events.EventFiringWebDriver.getScreenshotAs(EventFiringWebDriver.java:303)
at com.qa.util.TestUtil.takeScreenshotAtEndOfTest(TestUtil.java:96)
at com.qa.util.WebEventListener.onException(WebEventListener.java:69)
at java.base/jdk.internal.reflect.DirectMethodHandleAccessor.invoke(DirectMethodHandleAccessor.java:103)
at java.base/java.lang.reflect.Method.invoke(Method.java:580)
at org.openqa.selenium.support.events.EventFiringWebDriver.lambda$new$0(EventFiringWebDriver.java:85)
at jdk.proxy2/jdk.proxy2.$Proxy19.onException(Unknown Source)
at org.openqa.selenium.support.events.EventFiringWebDriver.lambda$new$1(EventFiringWebDriver.java:108)
at jdk.proxy2/jdk.proxy2.$Proxy20.getScreenshotAs(Unknown Source)
at org.openqa.selenium.support.events.EventFiringWebDriver.getScreenshotAs(EventFiringWebDriver.java:303)
at com.qa.util.TestUtil.takeScreenshotAtEndOfTest(TestUtil.java:96)
at com.qa.util.WebEventListener.onException(WebEventListener.java:69)
at java.base/jdk.internal.reflect.DirectMethodHandleAccessor.invoke(DirectMethodHandleAccessor.java:103)
at java.base/java.lang.reflect.Method.invoke(Method.java:580)
at org.openqa.selenium.support.events.EventFiringWebDriver.lambda$new$0(EventFiringWebDriver.java:85)
at jdk.proxy2/jdk.proxy2.$Proxy19.onException(Unknown Source)
at org.openqa.selenium.support.events.EventFiringWebDriver.lambda$new$1(EventFiringWebDriver.java:108)
at jdk.proxy2/jdk.proxy2.$Proxy20.getScreenshotAs(Unknown Source)
at org.openqa.selenium.support.events.EventFiringWebDriver.getScreenshotAs(EventFiringWebDriver.java:303)
at com.qa.util.TestUtil.takeScreenshotAtEndOfTest(TestUtil.java:96)
at com.qa.util.WebEventListener.onException(WebEventListener.java:69)
at java.base/jdk.internal.reflect.DirectMethodHandleAccessor.invoke(DirectMethodHandleAccessor.java:103)
at java.base/java.lang.reflect.Method.invoke(Method.java:580)
at org.openqa.selenium.support.events.EventFiringWebDriver.lambda$new$0(EventFiringWebDriver.java:85)
at jdk.proxy2/jdk.proxy2.$Proxy19.onException(Unknown Source)
at org.openqa.selenium.support.events.EventFiringWebDriver.lambda$new$1(EventFiringWebDriver.java:108)
at jdk.proxy2/jdk.proxy2.$Proxy20.getScreenshotAs(Unknown Source)
at org.openqa.selenium.support.events.EventFiringWebDriver.getScreenshotAs(EventFiringWebDriver.java:303)
at com.qa.util.TestUtil.takeScreenshotAtEndOfTest(TestUtil.java:96)
at com.qa.util.WebEventListener.onException(WebEventListener.java:69)
at java.base/jdk.internal.reflect.DirectMethodHandleAccessor.invoke(DirectMethodHandleAccessor.java:103)
at java.base/java.lang.reflect.Method.invoke(Method.java:580)
at org.openqa.selenium.support.events.EventFiringWebDriver.lambda$new$0(EventFiringWebDriver.java:85)
at jdk.proxy2/jdk.proxy2.$Proxy19.onException(Unknown Source)
at org.openqa.selenium.support.events.EventFiringWebDriver.lambda$new$1(EventFiringWebDriver.java:108)
at jdk.proxy2/jdk.proxy2.$Proxy20.getScreenshotAs(Unknown Source)
at org.openqa.selenium.support.events.EventFiringWebDriver.getScreenshotAs(EventFiringWebDriver.java:303)
at com.qa.util.TestUtil.takeScreenshotAtEndOfTest(TestUtil.java:96)
at com.qa.util.WebEventListener.onException(WebEventListener.java:69)
at java.base/jdk.internal.reflect.DirectMethodHandleAccessor.invoke(DirectMethodHandleAccessor.java:103)
at java.base/java.lang.reflect.Method.invoke(Method.java:580)
at org.openqa.selenium.support.events.EventFiringWebDriver.lambda$new$0(EventFiringWebDriver.java:85)
at jdk.proxy2/jdk.proxy2.$Proxy19.onException(Unknown Source)
at org.openqa.selenium.support.events.EventFiringWebDriver.lambda$new$1(EventFiringWebDriver.java:108)
at jdk.proxy2/jdk.proxy2.$Proxy20.getScreenshotAs(Unknown Source)
at org.openqa.selenium.support.events.EventFiringWebDriver.getScreenshotAs(EventFiringWebDriver.java:303)
at com.qa.util.TestUtil.takeScreenshotAtEndOfTest(TestUtil.java:96)
at com.qa.util.WebEventListener.onException(WebEventListener.java:69)
at java.base/jdk.internal.reflect.DirectMethodHandleAccessor.invoke(DirectMethodHandleAccessor.java:103)
at java.base/java.lang.reflect.Method.invoke(Method.java:580)
at org.openqa.selenium.support.events.EventFiringWebDriver.lambda$new$0(EventFiringWebDriver.java:85)
at jdk.proxy2/jdk.proxy2.$Proxy19.onException(Unknown Source)
at org.openqa.selenium.support.events.EventFiringWebDriver.lambda$new$1(EventFiringWebDriver.java:108)
at jdk.proxy2/jdk.proxy2.$Proxy20.getScreenshotAs(Unknown Source)
at org.openqa.selenium.support.events.EventFiringWebDriver.getScreenshotAs(EventFiringWebDriver.java:303)
at com.qa.util.TestUtil.takeScreenshotAtEndOfTest(TestUtil.java:96)
at com.qa.util.WebEventListener.onException(WebEventListener.java:69)
at java.base/jdk.internal.reflect.DirectMethodHandleAccessor.invoke(DirectMethodHandleAccessor.java:103)
at java.base/java.lang.reflect.Method.invoke(Method.java:580)
at org.openqa.selenium.support.events.EventFiringWebDriver.lambda$new$0(EventFiringWebDriver.java:85)
at jdk.proxy2/jdk.proxy2.$Proxy19.onException(Unknown Source)
at org.openqa.selenium.support.events.EventFiringWebDriver.lambda$new$1(EventFiringWebDriver.java:108)
at jdk.proxy2/jdk.proxy2.$Proxy20.getScreenshotAs(Unknown Source)
at org.openqa.selenium.support.events.EventFiringWebDriver.getScreenshotAs(EventFiringWebDriver.java:303)
at com.qa.util.TestUtil.takeScreenshotAtEndOfTest(TestUtil.java:96)
at com.qa.util.WebEventListener.onException(WebEventListener.java:69)
at java.base/jdk.internal.reflect.DirectMethodHandleAccessor.invoke(DirectMethodHandleAccessor.java:103)
at java.base/java.lang.reflect.Method.invoke(Method.java:580)
at org.openqa.selenium.support.events.EventFiringWebDriver.lambda$new$0(EventFiringWebDriver.java:85)
at jdk.proxy2/jdk.proxy2.$Proxy19.onException(Unknown Source)
at org.openqa.selenium.support.events.EventFiringWebDriver.lambda$new$1(EventFiringWebDriver.java:108)
at jdk.proxy2/jdk.proxy2.$Proxy20.getScreenshotAs(Unknown Source)
at org.openqa.selenium.support.events.EventFiringWebDriver.getScreenshotAs(EventFiringWebDriver.java:303)
at com.qa.util.TestUtil.takeScreenshotAtEndOfTest(TestUtil.java:96)
at com.qa.util.WebEventListener.onException(WebEventListener.java:69)
at java.base/jdk.internal.reflect.DirectMethodHandleAccessor.invoke(DirectMethodHandleAccessor.java:103)
at java.base/java.lang.reflect.Method.invoke(Method.java:580)
at org.openqa.selenium.support.events.EventFiringWebDriver.lambda$new$0(EventFiringWebDriver.java:85)
at jdk.proxy2/jdk.proxy2.$Proxy19.onException(Unknown Source)
at org.openqa.selenium.support.events.EventFiringWebDriver.lambda$new$1(EventFiringWebDriver.java:108)
at jdk.proxy2/jdk.proxy2.$Proxy20.getScreenshotAs(Unknown Source)
at org.openqa.selenium.support.events.EventFiringWebDriver.getScreenshotAs(EventFiringWebDriver.java:303)
at com.qa.util.TestUtil.takeScreenshotAtEndOfTest(TestUtil.java:96)
at com.qa.util.WebEventListener.onException(WebEventListener.java:69)
at java.base/jdk.internal.reflect.DirectMethodHandleAccessor.invoke(DirectMethodHandleAccessor.java:103)
at java.base/java.lang.reflect.Method.invoke(Method.java:580)
at org.openqa.selenium.support.events.EventFiringWebDriver.lambda$new$0(EventFiringWebDriver.java:85)
at jdk.proxy2/jdk.proxy2.$Proxy19.onException(Unknown Source)
at org.openqa.selenium.support.events.EventFiringWebDriver.lambda$new$1(EventFiringWebDriver.java:108)
at jdk.proxy2/jdk.proxy2.$Proxy20.getScreenshotAs(Unknown Source)
at org.openqa.selenium.support.events.EventFiringWebDriver.getScreenshotAs(EventFiringWebDriver.java:303)
at com.qa.util.TestUtil.takeScreenshotAtEndOfTest(TestUtil.java:96)
at com.qa.util.WebEventListener.onException(WebEventListener.java:69)
at java.base/jdk.internal.reflect.DirectMethodHandleAccessor.invoke(DirectMethodHandleAccessor.java:103)
at java.base/java.lang.reflect.Method.invoke(Method.java:580)
at org.openqa.selenium.support.events.EventFiringWebDriver.lambda$new$0(EventFiringWebDriver.java:85)
at jdk.proxy2/jdk.proxy2.$Proxy19.onException(Unknown Source)
at org.openqa.selenium.support.events.EventFiringWebDriver.lambda$new$1(EventFiringWebDriver.java:108)
at jdk.proxy2/jdk.proxy2.$Proxy20.getScreenshotAs(Unknown Source)
at org.openqa.selenium.support.events.EventFiringWebDriver.getScreenshotAs(EventFiringWebDriver.java:303)
at com.qa.util.TestUtil.takeScreenshotAtEndOfTest(TestUtil.java:96)
at com.qa.util.WebEventListener.onException(WebEventListener.java:69)
at java.base/jdk.internal.reflect.DirectMethodHandleAccessor.invoke(DirectMethodHandleAccessor.java:103)
at java.base/java.lang.reflect.Method.invoke(Method.java:580)
at org.openqa.selenium.support.events.EventFiringWebDriver.lambda$new$0(EventFiringWebDriver.java:85)
at jdk.proxy2/jdk.proxy2.$Proxy19.onException(Unknown Source)
at org.openqa.selenium.support.events.EventFiringWebDriver.lambda$new$1(EventFiringWebDriver.java:108)
at jdk.proxy2/jdk.proxy2.$Proxy20.getScreenshotAs(Unknown Source)
at org.openqa.selenium.support.events.EventFiringWebDriver.getScreenshotAs(EventFiringWebDriver.java:303)
at com.qa.util.TestUtil.takeScreenshotAtEndOfTest(TestUtil.java:96)
at com.qa.util.WebEventListener.onException(WebEventListener.java:69)
at java.base/jdk.internal.reflect.DirectMethodHandleAccessor.invoke(DirectMethodHandleAccessor.java:103)
at java.base/java.lang.reflect.Method.invoke(Method.java:580)
at org.openqa.selenium.support.events.EventFiringWebDriver.lambda$new$0(EventFiringWebDriver.java:85)
at jdk.proxy2/jdk.proxy2.$Proxy19.onException(Unknown Source)
at org.openqa.selenium.support.events.EventFiringWebDriver.lambda$new$1(EventFiringWebDriver.java:108)
at jdk.proxy2/jdk.proxy2.$Proxy20.getScreenshotAs(Unknown Source)
at org.openqa.selenium.support.events.EventFiringWebDriver.getScreenshotAs(EventFiringWebDriver.java:303)
at com.qa.util.TestUtil.takeScreenshotAtEndOfTest(TestUtil.java:96)
at com.qa.util.WebEventListener.onException(WebEventListener.java:69)
at java.base/jdk.internal.reflect.DirectMethodHandleAccessor.invoke(DirectMethodHandleAccessor.java:103)
at java.base/java.lang.reflect.Method.invoke(Method.java:580)
at org.openqa.selenium.support.events.EventFiringWebDriver.lambda$new$0(EventFiringWebDriver.java:85)
at jdk.proxy2/jdk.proxy2.$Proxy19.onException(Unknown Source)
at org.openqa.selenium.support.events.EventFiringWebDriver.lambda$new$1(EventFiringWebDriver.java:108)
at jdk.proxy2/jdk.proxy2.$Proxy20.getScreenshotAs(Unknown Source)
at org.openqa.selenium.support.events.EventFiringWebDriver.getScreenshotAs(EventFiringWebDriver.java:303)
at com.qa.util.TestUtil.takeScreenshotAtEndOfTest(TestUtil.java:96)
at com.qa.util.WebEventListener.onException(WebEventListener.java:69)
at java.base/jdk.internal.reflect.DirectMethodHandleAccessor.invoke(DirectMethodHandleAccessor.java:103)
at java.base/java.lang.reflect.Method.invoke(Method.java:580)
at org.openqa.selenium.support.events.EventFiringWebDriver.lambda$new$0(EventFiringWebDriver.java:85)
at jdk.proxy2/jdk.proxy2.$Proxy19.onException(Unknown Source)
at org.openqa.selenium.support.events.EventFiringWebDriver.lambda$new$1(EventFiringWebDriver.java:108)
at jdk.proxy2/jdk.proxy2.$Proxy20.getScreenshotAs(Unknown Source)
at org.openqa.selenium.support.events.EventFiringWebDriver.getScreenshotAs(EventFiringWebDriver.java:303)
at com.qa.util.TestUtil.takeScreenshotAtEndOfTest(TestUtil.java:96)
at com.qa.util.WebEventListener.onException(WebEventListener.java:69)
at java.base/jdk.internal.reflect.DirectMethodHandleAccessor.invoke(DirectMethodHandleAccessor.java:103)
at java.base/java.lang.reflect.Method.invoke(Method.java:580)
at org.openqa.selenium.support.events.EventFiringWebDriver.lambda$new$0(EventFiringWebDriver.java:85)
at jdk.proxy2/jdk.proxy2.$Proxy19.onException(Unknown Source)
at org.openqa.selenium.support.events.EventFiringWebDriver.lambda$new$1(EventFiringWebDriver.java:108)
at jdk.proxy2/jdk.proxy2.$Proxy20.getScreenshotAs(Unknown Source)
at org.openqa.selenium.support.events.EventFiringWebDriver.getScreenshotAs(EventFiringWebDriver.java:303)
at com.qa.util.TestUtil.takeScreenshotAtEndOfTest(TestUtil.java:96)
at com.qa.util.WebEventListener.onException(WebEventListener.java:69)
at java.base/jdk.internal.reflect.DirectMethodHandleAccessor.invoke(DirectMethodHandleAccessor.java:103)
at java.base/java.lang.reflect.Method.invoke(Method.java:580)
at org.openqa.selenium.support.events.EventFiringWebDriver.lambda$new$0(EventFiringWebDriver.java:85)
at jdk.proxy2/jdk.proxy2.$Proxy19.onException(Unknown Source)
at org.openqa.selenium.support.events.EventFiringWebDriver.lambda$new$1(EventFiringWebDriver.java:108)
at jdk.proxy2/jdk.proxy2.$Proxy20.getScreenshotAs(Unknown Source)
at org.openqa.selenium.support.events.EventFiringWebDriver.getScreenshotAs(EventFiringWebDriver.java:303)
at com.qa.util.TestUtil.takeScreenshotAtEndOfTest(TestUtil.java:96)
at com.qa.util.WebEventListener.onException(WebEventListener.java:69)
at java.base/jdk.internal.reflect.DirectMethodHandleAccessor.invoke(DirectMethodHandleAccessor.java:103)
at java.base/java.lang.reflect.Method.invoke(Method.java:580)
at org.openqa.selenium.support.events.EventFiringWebDriver.lambda$new$0(EventFiringWebDriver.java:85)
at jdk.proxy2/jdk.proxy2.$Proxy19.onException(Unknown Source)
at org.openqa.selenium.support.events.EventFiringWebDriver.lambda$new$1(EventFiringWebDriver.java:108)
at jdk.proxy2/jdk.proxy2.$Proxy20.getScreenshotAs(Unknown Source)
at org.openqa.selenium.support.events.EventFiringWebDriver.getScreenshotAs(EventFiringWebDriver.java:303)
at com.qa.util.TestUtil.takeScreenshotAtEndOfTest(TestUtil.java:96)
at com.qa.util.WebEventListener.onException(WebEventListener.java:69)
at java.base/jdk.internal.reflect.DirectMethodHandleAccessor.invoke(DirectMethodHandleAccessor.java:103)
at java.base/java.lang.reflect.Method.invoke(Method.java:580)
at org.openqa.selenium.support.events.EventFiringWebDriver.lambda$new$0(EventFiringWebDriver.java:85)
at jdk.proxy2/jdk.proxy2.$Proxy19.onException(Unknown Source)
at org.openqa.selenium.support.events.EventFiringWebDriver.lambda$new$1(EventFiringWebDriver.java:108)
at jdk.proxy2/jdk.proxy2.$Proxy20.getScreenshotAs(Unknown Source)
at org.openqa.selenium.support.events.EventFiringWebDriver.getScreenshotAs(EventFiringWebDriver.java:303)
at com.qa.util.TestUtil.takeScreenshotAtEndOfTest(TestUtil.java:96)
at com.qa.util.WebEventListener.onException(WebEventListener.java:69)
at java.base/jdk.internal.reflect.DirectMethodHandleAccessor.invoke(DirectMethodHandleAccessor.java:103)
at java.base/java.lang.reflect.Method.invoke(Method.java:580)
at org.openqa.selenium.support.events.EventFiringWebDriver.lambda$new$0(EventFiringWebDriver.java:85)
at jdk.proxy2/jdk.proxy2.$Proxy19.onException(Unknown Source)
at org.openqa.selenium.support.events.EventFiringWebDriver.lambda$new$1(EventFiringWebDriver.java:108)
at jdk.proxy2/jdk.proxy2.$Proxy20.getScreenshotAs(Unknown Source)
at org.openqa.selenium.support.events.EventFiringWebDriver.getScreenshotAs(EventFiringWebDriver.java:303)
at com.qa.util.TestUtil.takeScreenshotAtEndOfTest(TestUtil.java:96)
at com.qa.util.WebEventListener.onException(WebEventListener.java:69)
at java.base/jdk.internal.reflect.DirectMethodHandleAccessor.invoke(DirectMethodHandleAccessor.java:103)
at java.base/java.lang.reflect.Method.invoke(Method.java:580)
at org.openqa.selenium.support.events.EventFiringWebDriver.lambda$new$0(EventFiringWebDriver.java:85)
at jdk.proxy2/jdk.proxy2.$Proxy19.onException(Unknown Source)
at org.openqa.selenium.support.events.EventFiringWebDriver.lambda$new$1(EventFiringWebDriver.java:108)
at jdk.proxy2/jdk.proxy2.$Proxy20.getScreenshotAs(Unknown Source)
at org.openqa.selenium.support.events.EventFiringWebDriver.getScreenshotAs(EventFiringWebDriver.java:303)
at com.qa.util.TestUtil.takeScreenshotAtEndOfTest(TestUtil.java:96)
at com.qa.util.WebEventListener.onException(WebEventListener.java:69)
at java.base/jdk.internal.reflect.DirectMethodHandleAccessor.invoke(DirectMethodHandleAccessor.java:103)
at java.base/java.lang.reflect.Method.invoke(Method.java:580)
at org.openqa.selenium.support.events.EventFiringWebDriver.lambda$new$0(EventFiringWebDriver.java:85)
at jdk.proxy2/jdk.proxy2.$Proxy19.onException(Unknown Source)
at org.openqa.selenium.support.events.EventFiringWebDriver.lambda$new$1(EventFiringWebDriver.java:108)
at jdk.proxy2/jdk.proxy2.$Proxy20.getScreenshotAs(Unknown Source)
at org.openqa.selenium.support.events.EventFiringWebDriver.getScreenshotAs(EventFiringWebDriver.java:303)
at com.qa.util.TestUtil.takeScreenshotAtEndOfTest(TestUtil.java:96)
at com.qa.util.WebEventListener.onException(WebEventListener.java:69)
at java.base/jdk.internal.reflect.DirectMethodHandleAccessor.invoke(DirectMethodHandleAccessor.java:103)
at java.base/java.lang.reflect.Method.invoke(Method.java:580)
at org.openqa.selenium.support.events.EventFiringWebDriver.lambda$new$0(EventFiringWebDriver.java:85)
at jdk.proxy2/jdk.proxy2.$Proxy19.onException(Unknown Source)
at org.openqa.selenium.support.events.EventFiringWebDriver.lambda$new$1(EventFiringWebDriver.java:108)
at jdk.proxy2/jdk.proxy2.$Proxy20.getScreenshotAs(Unknown Source)
at org.openqa.selenium.support.events.EventFiringWebDriver.getScreenshotAs(EventFiringWebDriver.java:303)
at com.qa.util.TestUtil.takeScreenshotAtEndOfTest(TestUtil.java:96)
at com.qa.util.WebEventListener.onException(WebEventListener.java:69)
at java.base/jdk.internal.reflect.DirectMethodHandleAccessor.invoke(DirectMethodHandleAccessor.java:103)
at java.base/java.lang.reflect.Method.invoke(Method.java:580)
at org.openqa.selenium.support.events.EventFiringWebDriver.lambda$new$0(EventFiringWebDriver.java:85)
at jdk.proxy2/jdk.proxy2.$Proxy19.onException(Unknown Source)
at org.openqa.selenium.support.events.EventFiringWebDriver.lambda$new$1(EventFiringWebDriver.java:108)
at jdk.proxy2/jdk.proxy2.$Proxy20.getScreenshotAs(Unknown Source)
at org.openqa.selenium.support.events.EventFiringWebDriver.getScreenshotAs(EventFiringWebDriver.java:303)
at com.qa.util.TestUtil.takeScreenshotAtEndOfTest(TestUtil.java:96)
at com.qa.util.WebEventListener.onException(WebEventListener.java:69)
at java.base/jdk.internal.reflect.DirectMethodHandleAccessor.invoke(DirectMethodHandleAccessor.java:103)
at java.base/java.lang.reflect.Method.invoke(Method.java:580)
at org.openqa.selenium.support.events.EventFiringWebDriver.lambda$new$0(EventFiringWebDriver.java:85)
at jdk.proxy2/jdk.proxy2.$Proxy19.onException(Unknown Source)
at org.openqa.selenium.support.events.EventFiringWebDriver.lambda$new$1(EventFiringWebDriver.java:108)
at jdk.proxy2/jdk.proxy2.$Proxy20.getScreenshotAs(Unknown Source)
at org.openqa.selenium.support.events.EventFiringWebDriver.getScreenshotAs(EventFiringWebDriver.java:303)
at com.qa.util.TestUtil.takeScreenshotAtEndOfTest(TestUtil.java:96)
at com.qa.util.WebEventListener.onException(WebEventListener.java:69)
at java.base/jdk.internal.reflect.DirectMethodHandleAccessor.invoke(DirectMethodHandleAccessor.java:103)
at java.base/java.lang.reflect.Method.invoke(Method.java:580)
at org.openqa.selenium.support.events.EventFiringWebDriver.lambda$new$0(EventFiringWebDriver.java:85)
at jdk.proxy2/jdk.proxy2.$Proxy19.onException(Unknown Source)
at org.openqa.selenium.support.events.EventFiringWebDriver.lambda$new$1(EventFiringWebDriver.java:108)
at jdk.proxy2/jdk.proxy2.$Proxy20.getScreenshotAs(Unknown Source)
at org.openqa.selenium.support.events.EventFiringWebDriver.getScreenshotAs(EventFiringWebDriver.java:303)
at com.qa.util.TestUtil.takeScreenshotAtEndOfTest(TestUtil.java:96)
at com.qa.util.WebEventListener.onException(WebEventListener.java:69)
at java.base/jdk.internal.reflect.DirectMethodHandleAccessor.invoke(DirectMethodHandleAccessor.java:103)
at java.base/java.lang.reflect.Method.invoke(Method.java:580)
at org.openqa.selenium.support.events.EventFiringWebDriver.lambda$new$0(EventFiringWebDriver.java:85)
at jdk.proxy2/jdk.proxy2.$Proxy19.onException(Unknown Source)
at org.openqa.selenium.support.events.EventFiringWebDriver.lambda$new$1(EventFiringWebDriver.java:108)
at jdk.proxy2/jdk.proxy2.$Proxy20.getScreenshotAs(Unknown Source)
at org.openqa.selenium.support.events.EventFiringWebDriver.getScreenshotAs(EventFiringWebDriver.java:303)
at com.qa.util.TestUtil.takeScreenshotAtEndOfTest(TestUtil.java:96)
at com.qa.util.WebEventListener.onException(WebEventListener.java:69)
at java.base/jdk.internal.reflect.DirectMethodHandleAccessor.invoke(DirectMethodHandleAccessor.java:103)
at java.base/java.lang.reflect.Method.invoke(Method.java:580)
at org.openqa.selenium.support.events.EventFiringWebDriver.lambda$new$0(EventFiringWebDriver.java:85)
at jdk.proxy2/jdk.proxy2.$Proxy19.onException(Unknown Source)
at org.openqa.selenium.support.events.EventFiringWebDriver.lambda$new$1(EventFiringWebDriver.java:108)
at jdk.proxy2/jdk.proxy2.$Proxy20.getScreenshotAs(Unknown Source)
at org.openqa.selenium.support.events.EventFiringWebDriver.getScreenshotAs(EventFiringWebDriver.java:303)
at com.qa.util.TestUtil.takeScreenshotAtEndOfTest(TestUtil.java:96)
at com.qa.util.WebEventListener.onException(WebEventListener.java:69)
at java.base/jdk.internal.reflect.DirectMethodHandleAccessor.invoke(DirectMethodHandleAccessor.java:103)
at java.base/java.lang.reflect.Method.invoke(Method.java:580)
at org.openqa.selenium.support.events.EventFiringWebDriver.lambda$new$0(EventFiringWebDriver.java:85)
at jdk.proxy2/jdk.proxy2.$Proxy19.onException(Unknown Source)
at org.openqa.selenium.support.events.EventFiringWebDriver.lambda$new$1(EventFiringWebDriver.java:108)
at jdk.proxy2/jdk.proxy2.$Proxy20.getScreenshotAs(Unknown Source)
at org.openqa.selenium.support.events.EventFiringWebDriver.getScreenshotAs(EventFiringWebDriver.java:303)
at com.qa.util.TestUtil.takeScreenshotAtEndOfTest(TestUtil.java:96)
at com.qa.util.WebEventListener.onException(WebEventListener.java:69)
at java.base/jdk.internal.reflect.DirectMethodHandleAccessor.invoke(DirectMethodHandleAccessor.java:103)
at java.base/java.lang.reflect.Method.invoke(Method.java:580)
at org.openqa.selenium.support.events.EventFiringWebDriver.lambda$new$0(EventFiringWebDriver.java:85)
at jdk.proxy2/jdk.proxy2.$Proxy19.onException(Unknown Source)
at org.openqa.selenium.support.events.EventFiringWebDriver.lambda$new$1(EventFiringWebDriver.java:108)
at jdk.proxy2/jdk.proxy2.$Proxy20.getScreenshotAs(Unknown Source)
at org.openqa.selenium.support.events.EventFiringWebDriver.getScreenshotAs(EventFiringWebDriver.java:303)
at com.qa.util.TestUtil.takeScreenshotAtEndOfTest(TestUtil.java:96)
at com.qa.util.WebEventListener.onException(WebEventListener.java:69)
at java.base/jdk.internal.reflect.DirectMethodHandleAccessor.invoke(DirectMethodHandleAccessor.java:103)
at java.base/java.lang.reflect.Method.invoke(Method.java:580)
at org.openqa.selenium.support.events.EventFiringWebDriver.lambda$new$0(EventFiringWebDriver.java:85)
at jdk.proxy2/jdk.proxy2.$Proxy19.onException(Unknown Source)
at org.openqa.selenium.support.events.EventFiringWebDriver.lambda$new$1(EventFiringWebDriver.java:108)
at jdk.proxy2/jdk.proxy2.$Proxy20.getScreenshotAs(Unknown Source)
at org.openqa.selenium.support.events.EventFiringWebDriver.getScreenshotAs(EventFiringWebDriver.java:303)
at com.qa.util.TestUtil.takeScreenshotAtEndOfTest(TestUtil.java:96)
at com.qa.util.WebEventListener.onException(WebEventListener.java:69)
at java.base/jdk.internal.reflect.DirectMethodHandleAccessor.invoke(DirectMethodHandleAccessor.java:103)
at java.base/java.lang.reflect.Method.invoke(Method.java:580)
at org.openqa.selenium.support.events.EventFiringWebDriver.lambda$new$0(EventFiringWebDriver.java:85)
at jdk.proxy2/jdk.proxy2.$Proxy19.onException(Unknown Source)
at org.openqa.selenium.support.events.EventFiringWebDriver.lambda$new$1(EventFiringWebDriver.java:108)
at jdk.proxy2/jdk.proxy2.$Proxy20.getScreenshotAs(Unknown Source)
at org.openqa.selenium.support.events.EventFiringWebDriver.getScreenshotAs(EventFiringWebDriver.java:303)
at com.qa.util.TestUtil.takeScreenshotAtEndOfTest(TestUtil.java:96)
at com.qa.util.WebEventListener.onException(WebEventListener.java:69)
at java.base/jdk.internal.reflect.DirectMethodHandleAccessor.invoke(DirectMethodHandleAccessor.java:103)
at java.base/java.lang.reflect.Method.invoke(Method.java:580)
at org.openqa.selenium.support.events.EventFiringWebDriver.lambda$new$0(EventFiringWebDriver.java:85)
at jdk.proxy2/jdk.proxy2.$Proxy19.onException(Unknown Source)
at org.openqa.selenium.support.events.EventFiringWebDriver.lambda$new$1(EventFiringWebDriver.java:108)
at jdk.proxy2/jdk.proxy2.$Proxy20.getScreenshotAs(Unknown Source)
at org.openqa.selenium.support.events.EventFiringWebDriver.getScreenshotAs(EventFiringWebDriver.java:303)
at com.qa.util.TestUtil.takeScreenshotAtEndOfTest(TestUtil.java:96)
at com.qa.util.WebEventListener.onException(WebEventListener.java:69)
at java.base/jdk.internal.reflect.DirectMethodHandleAccessor.invoke(DirectMethodHandleAccessor.java:103)
at java.base/java.lang.reflect.Method.invoke(Method.java:580)
at org.openqa.selenium.support.events.EventFiringWebDriver.lambda$new$0(EventFiringWebDriver.java:85)
at jdk.proxy2/jdk.proxy2.$Proxy19.onException(Unknown Source)
at org.openqa.selenium.support.events.EventFiringWebDriver.lambda$new$1(EventFiringWebDriver.java:108)
at jdk.proxy2/jdk.proxy2.$Proxy20.getScreenshotAs(Unknown Source)
at org.openqa.selenium.support.events.EventFiringWebDriver.getScreenshotAs(EventFiringWebDriver.java:303)
at com.qa.util.TestUtil.takeScreenshotAtEndOfTest(TestUtil.java:96)
at com.qa.util.WebEventListener.onException(WebEventListener.java:69)
at java.base/jdk.internal.reflect.DirectMethodHandleAccessor.invoke(DirectMethodHandleAccessor.java:103)
at java.base/java.lang.reflect.Method.invoke(Method.java:580)
at org.openqa.selenium.support.events.EventFiringWebDriver.lambda$new$0(EventFiringWebDriver.java:85)
at jdk.proxy2/jdk.proxy2.$Proxy19.onException(Unknown Source)
at org.openqa.selenium.support.events.EventFiringWebDriver.lambda$new$1(EventFiringWebDriver.java:108)
at jdk.proxy2/jdk.proxy2.$Proxy20.getScreenshotAs(Unknown Source)
at org.openqa.selenium.support.events.EventFiringWebDriver.getScreenshotAs(EventFiringWebDriver.java:303)
at com.qa.util.TestUtil.takeScreenshotAtEndOfTest(TestUtil.java:96)
at com.qa.util.WebEventListener.onException(WebEventListener.java:69)
at java.base/jdk.internal.reflect.DirectMethodHandleAccessor.invoke(DirectMethodHandleAccessor.java:103)
at java.base/java.lang.reflect.Method.invoke(Method.java:580)
at org.openqa.selenium.support.events.EventFiringWebDriver.lambda$new$0(EventFiringWebDriver.java:85)
at jdk.proxy2/jdk.proxy2.$Proxy19.onException(Unknown Source)
at org.openqa.selenium.support.events.EventFiringWebDriver.lambda$new$1(EventFiringWebDriver.java:108)
at jdk.proxy2/jdk.proxy2.$Proxy20.getScreenshotAs(Unknown Source)
at org.openqa.selenium.support.events.EventFiringWebDriver.getScreenshotAs(EventFiringWebDriver.java:303)
at com.qa.util.TestUtil.takeScreenshotAtEndOfTest(TestUtil.java:96)
at com.qa.util.WebEventListener.onException(WebEventListener.java:69)
at java.base/jdk.internal.reflect.DirectMethodHandleAccessor.invoke(DirectMethodHandleAccessor.java:103)
at java.base/java.lang.reflect.Method.invoke(Method.java:580)
at org.openqa.selenium.support.events.EventFiringWebDriver.lambda$new$0(EventFiringWebDriver.java:85)
at jdk.proxy2/jdk.proxy2.$Proxy19.onException(Unknown Source)
at org.openqa.selenium.support.events.EventFiringWebDriver.lambda$new$1(EventFiringWebDriver.java:108)
at jdk.proxy2/jdk.proxy2.$Proxy20.getScreenshotAs(Unknown Source)
at org.openqa.selenium.support.events.EventFiringWebDriver.getScreenshotAs(EventFiringWebDriver.java:303)
at com.qa.util.TestUtil.takeScreenshotAtEndOfTest(TestUtil.java:96)
at com.qa.util.WebEventListener.onException(WebEventListener.java:69)
at java.base/jdk.internal.reflect.DirectMethodHandleAccessor.invoke(DirectMethodHandleAccessor.java:103)
at java.base/java.lang.reflect.Method.invoke(Method.java:580)
at org.openqa.selenium.support.events.EventFiringWebDriver.lambda$new$0(EventFiringWebDriver.java:85)
at jdk.proxy2/jdk.proxy2.$Proxy19.onException(Unknown Source)
at org.openqa.selenium.support.events.EventFiringWebDriver.lambda$new$1(EventFiringWebDriver.java:108)
at jdk.proxy2/jdk.proxy2.$Proxy20.getScreenshotAs(Unknown Source)
at org.openqa.selenium.support.events.EventFiringWebDriver.getScreenshotAs(EventFiringWebDriver.java:303)
at com.qa.util.TestUtil.takeScreenshotAtEndOfTest(TestUtil.java:96)
at com.qa.util.WebEventListener.onException(WebEventListener.java:69)
at java.base/jdk.internal.reflect.DirectMethodHandleAccessor.invoke(DirectMethodHandleAccessor.java:103)
at java.base/java.lang.reflect.Method.invoke(Method.java:580)
at org.openqa.selenium.support.events.EventFiringWebDriver.lambda$new$0(EventFiringWebDriver.java:85)
at jdk.proxy2/jdk.proxy2.$Proxy19.onException(Unknown Source)
at org.openqa.selenium.support.events.EventFiringWebDriver.lambda$new$1(EventFiringWebDriver.java:108)
at jdk.proxy2/jdk.proxy2.$Proxy20.getScreenshotAs(Unknown Source)
at org.openqa.selenium.support.events.EventFiringWebDriver.getScreenshotAs(EventFiringWebDriver.java:303)
at com.qa.util.TestUtil.takeScreenshotAtEndOfTest(TestUtil.java:96)
[...]
at jdk.proxy2/jdk.proxy2.$Proxy19.onException(Unknown Source)
at org.openqa.selenium.support.events.EventFiringWebDriver.lambda$new$1(EventFiringWebDriver.java:108)
at jdk.proxy2/jdk.proxy2.$Proxy20.getScreenshotAs(Unknown Source)
at org.openqa.selenium.support.events.EventFiringWebDriver.getScreenshotAs(EventFiringWebDriver.java:303)
at com.qa.util.TestUtil.takeScreenshotAtEndOfTest(TestUtil.java:96)
at com.qa.util.WebEventListener.onException(WebEventListener.java:69)
at java.base/jdk.internal.reflect.DirectMethodHandleAccessor.invoke(DirectMethodHandleAccessor.java:103)
at java.base/java.lang.reflect.Method.invoke(Method.java:580)
at org.openqa.selenium.support.events.EventFiringWebDriver.lambda$new$0(EventFiringWebDriver.java:85)
at jdk.proxy2/jdk.proxy2.$Proxy19.onException(Unknown Source)
at org.openqa.selenium.support.events.EventFiringWebDriver.lambda$new$1(EventFiringWebDriver.java:108)
at jdk.proxy2/jdk.proxy2.$Proxy20.getScreenshotAs(Unknown Source)
at org.openqa.selenium.support.events.EventFiringWebDriver.getScreenshotAs(EventFiringWebDriver.java:303)
at com.qa.util.TestUtil.takeScreenshotAtEndOfTest(TestUtil.java:96)
at com.qa.util.WebEventListener.onException(WebEventListener.java:69)
at java.base/jdk.internal.reflect.DirectMethodHandleAccessor.invoke(DirectMethodHandleAccessor.java:103)
at java.base/java.lang.reflect.Method.invoke(Method.java:580)
at org.openqa.selenium.support.events.EventFiringWebDriver.lambda$new$0(EventFiringWebDriver.java:85)
at jdk.proxy2/jdk.proxy2.$Proxy19.onException(Unknown Source)
at org.openqa.selenium.support.events.EventFiringWebDriver.lambda$new$1(EventFiringWebDriver.java:108)
at jdk.proxy2/jdk.proxy2.$Proxy20.getScreenshotAs(Unknown Source)
at org.openqa.selenium.support.events.EventFiringWebDriver.getScreenshotAs(EventFiringWebDriver.java:303)
at com.qa.util.TestUtil.takeScreenshotAtEndOfTest(TestUtil.java:96)
at com.qa.util.WebEventListener.onException(WebEventListener.java:69)
at java.base/jdk.internal.reflect.DirectMethodHandleAccessor.invoke(DirectMethodHandleAccessor.java:103)
at java.base/java.lang.reflect.Method.invoke(Method.java:580)
at org.openqa.selenium.support.events.EventFiringWebDriver.lambda$new$0(EventFiringWebDriver.java:85)
at jdk.proxy2/jdk.proxy2.$Proxy19.onException(Unknown Source)
at org.openqa.selenium.support.events.EventFiringWebDriver.lambda$new$1(EventFiringWebDriver.java:108)
at jdk.proxy2/jdk.proxy2.$Proxy20.getScreenshotAs(Unknown Source)
at org.openqa.selenium.support.events.EventFiringWebDriver.getScreenshotAs(EventFiringWebDriver.java:303)
at com.qa.util.TestUtil.takeScreenshotAtEndOfTest(TestUtil.java:96)
at com.qa.util.WebEventListener.onException(WebEventListener.java:69)
at java.base/jdk.internal.reflect.DirectMethodHandleAccessor.invoke(DirectMethodHandleAccessor.java:103)
at java.base/java.lang.reflect.Method.invoke(Method.java:580)
at org.openqa.selenium.support.events.EventFiringWebDriver.lambda$new$0(EventFiringWebDriver.java:85)
at jdk.proxy2/jdk.proxy2.$Proxy19.onException(Unknown Source)
at org.openqa.selenium.support.events.EventFiringWebDriver.lambda$new$1(EventFiringWebDriver.java:108)
at jdk.proxy2/jdk.proxy2.$Proxy20.getScreenshotAs(Unknown Source)
at org.openqa.selenium.support.events.EventFiringWebDriver.getScreenshotAs(EventFiringWebDriver.java:303)
at com.qa.util.TestUtil.takeScreenshotAtEndOfTest(TestUtil.java:96)
at com.qa.util.WebEventListener.onException(WebEventListener.java:69)
at java.base/jdk.internal.reflect.DirectMethodHandleAccessor.invoke(DirectMethodHandleAccessor.java:103)
at java.base/java.lang.reflect.Method.invoke(Method.java:580)
at org.openqa.selenium.support.events.EventFiringWebDriver.lambda$new$0(EventFiringWebDriver.java:85)
at jdk.proxy2/jdk.proxy2.$Proxy19.onException(Unknown Source)
at org.openqa.selenium.support.events.EventFiringWebDriver.lambda$new$1(EventFiringWebDriver.java:108)
at jdk.proxy2/jdk.proxy2.$Proxy20.getScreenshotAs(Unknown Source)
at org.openqa.selenium.support.events.EventFiringWebDriver.getScreenshotAs(EventFiringWebDriver.java:303)
at com.qa.util.TestUtil.takeScreenshotAtEndOfTest(TestUtil.java:96)
at com.qa.util.WebEventListener.onException(WebEventListener.java:69)
at java.base/jdk.internal.reflect.DirectMethodHandleAccessor.invoke(DirectMethodHandleAccessor.java:103)
at java.base/java.lang.reflect.Method.invoke(Method.java:580)
at org.openqa.selenium.support.events.EventFiringWebDriver.lambda$new$0(EventFiringWebDriver.java:85)
at jdk.proxy2/jdk.proxy2.$Proxy19.onException(Unknown Source)
at org.openqa.selenium.support.events.EventFiringWebDriver.lambda$new$1(EventFiringWebDriver.java:108)
at jdk.proxy2/jdk.proxy2.$Proxy20.getScreenshotAs(Unknown Source)
at org.openqa.selenium.support.events.EventFiringWebDriver.getScreenshotAs(EventFiringWebDriver.java:303)
at com.qa.util.TestUtil.takeScreenshotAtEndOfTest(TestUtil.java:96)
at com.qa.util.WebEventListener.onException(WebEventListener.java:69)
at java.base/jdk.internal.reflect.DirectMethodHandleAccessor.invoke(DirectMethodHandleAccessor.java:103)
at java.base/java.lang.reflect.Method.invoke(Method.java:580)
at org.openqa.selenium.support.events.EventFiringWebDriver.lambda$new$0(EventFiringWebDriver.java:85)
at jdk.proxy2/jdk.proxy2.$Proxy19.onException(Unknown Source)
at org.openqa.selenium.support.events.EventFiringWebDriver.lambda$new$1(EventFiringWebDriver.java:108)
at jdk.proxy2/jdk.proxy2.$Proxy20.getScreenshotAs(Unknown Source)
at org.openqa.selenium.support.events.EventFiringWebDriver.getScreenshotAs(EventFiringWebDriver.java:303)
at com.qa.util.TestUtil.takeScreenshotAtEndOfTest(TestUtil.java:96)
at com.qa.util.WebEventListener.onException(WebEventListener.java:69)
at java.base/jdk.internal.reflect.DirectMethodHandleAccessor.invoke(DirectMethodHandleAccessor.java:103)
at java.base/java.lang.reflect.Method.invoke(Method.java:580)
at org.openqa.selenium.support.events.EventFiringWebDriver.lambda$new$0(EventFiringWebDriver.java:85)
at jdk.proxy2/jdk.proxy2.$Proxy19.onException(Unknown Source)
at org.openqa.selenium.support.events.EventFiringWebDriver.lambda$new$1(EventFiringWebDriver.java:108)
at jdk.proxy2/jdk.proxy2.$Proxy20.getScreenshotAs(Unknown Source)
at org.openqa.selenium.support.events.EventFiringWebDriver.getScreenshotAs(EventFiringWebDriver.java:303)
at com.qa.util.TestUtil.takeScreenshotAtEndOfTest(TestUtil.java:96)
at com.qa.util.WebEventListener.onException(WebEventListener.java:69)
at java.base/jdk.internal.reflect.DirectMethodHandleAccessor.invoke(DirectMethodHandleAccessor.java:103)
at java.base/java.lang.reflect.Method.invoke(Method.java:580)
at org.openqa.selenium.support.events.EventFiringWebDriver.lambda$new$0(EventFiringWebDriver.java:85)
at jdk.proxy2/jdk.proxy2.$Proxy19.onException(Unknown Source)
at org.openqa.selenium.support.events.EventFiringWebDriver.lambda$new$1(EventFiringWebDriver.java:108)
at jdk.proxy2/jdk.proxy2.$Proxy20.getScreenshotAs(Unknown Source)
at org.openqa.selenium.support.events.EventFiringWebDriver.getScreenshotAs(EventFiringWebDriver.java:303)
at com.qa.util.TestUtil.takeScreenshotAtEndOfTest(TestUtil.java:96)
at com.qa.util.WebEventListener.onException(WebEventListener.java:69)
at java.base/jdk.internal.reflect.DirectMethodHandleAccessor.invoke(DirectMethodHandleAccessor.java:103)
at java.base/java.lang.reflect.Method.invoke(Method.java:580)
at org.openqa.selenium.support.events.EventFiringWebDriver.lambda$new$0(EventFiringWebDriver.java:85)
at jdk.proxy2/jdk.proxy2.$Proxy19.onException(Unknown Source)
at org.openqa.selenium.support.events.EventFiringWebDriver.lambda$new$1(EventFiringWebDriver.java:108)
at jdk.proxy2/jdk.proxy2.$Proxy20.getScreenshotAs(Unknown Source)
at org.openqa.selenium.support.events.EventFiringWebDriver.getScreenshotAs(EventFiringWebDriver.java:303)
at com.qa.util.TestUtil.takeScreenshotAtEndOfTest(TestUtil.java:96)
at com.qa.util.WebEventListener.onException(WebEventListener.java:69)
at java.base/jdk.internal.reflect.DirectMethodHandleAccessor.invoke(DirectMethodHandleAccessor.java:103)
at java.base/java.lang.reflect.Method.invoke(Method.java:580)
at org.openqa.selenium.support.events.EventFiringWebDriver.lambda$new$0(EventFiringWebDriver.java:85)
at jdk.proxy2/jdk.proxy2.$Proxy19.onException(Unknown Source)
at org.openqa.selenium.support.events.EventFiringWebDriver.lambda$new$1(EventFiringWebDriver.java:108)
at jdk.proxy2/jdk.proxy2.$Proxy20.getScreenshotAs(Unknown Source)
at org.openqa.selenium.support.events.EventFiringWebDriver.getScreenshotAs(EventFiringWebDriver.java:303)
at com.qa.util.TestUtil.takeScreenshotAtEndOfTest(TestUtil.java:96)
at com.qa.util.WebEventListener.onException(WebEventListener.java:69)
at java.base/jdk.internal.reflect.DirectMethodHandleAccessor.invoke(DirectMethodHandleAccessor.java:103)
at java.base/java.lang.reflect.Method.invoke(Method.java:580)
at org.openqa.selenium.support.events.EventFiringWebDriver.lambda$new$0(EventFiringWebDriver.java:85)
at jdk.proxy2/jdk.proxy2.$Proxy19.onException(Unknown Source)
at org.openqa.selenium.support.events.EventFiringWebDriver.lambda$new$1(EventFiringWebDriver.java:108)
at jdk.proxy2/jdk.proxy2.$Proxy20.getScreenshotAs(Unknown Source)
at org.openqa.selenium.support.events.EventFiringWebDriver.getScreenshotAs(EventFiringWebDriver.java:303)
at com.qa.util.TestUtil.takeScreenshotAtEndOfTest(TestUtil.java:96)
at com.qa.util.WebEventListener.onException(WebEventListener.java:69)
at java.base/jdk.internal.reflect.DirectMethodHandleAccessor.invoke(DirectMethodHandleAccessor.java:103)
at java.base/java.lang.reflect.Method.invoke(Method.java:580)
at org.openqa.selenium.support.events.EventFiringWebDriver.lambda$new$0(EventFiringWebDriver.java:85)
at jdk.proxy2/jdk.proxy2.$Proxy19.onException(Unknown Source)
at org.openqa.selenium.support.events.EventFiringWebDriver.lambda$new$1(EventFiringWebDriver.java:108)
at jdk.proxy2/jdk.proxy2.$Proxy20.getScreenshotAs(Unknown Source)
at org.openqa.selenium.support.events.EventFiringWebDriver.getScreenshotAs(EventFiringWebDriver.java:303)
at com.qa.util.TestUtil.takeScreenshotAtEndOfTest(TestUtil.java:96)
at com.qa.util.WebEventListener.onException(WebEventListener.java:69)
at java.base/jdk.internal.reflect.DirectMethodHandleAccessor.invoke(DirectMethodHandleAccessor.java:103)
at java.base/java.lang.reflect.Method.invoke(Method.java:580)
at org.openqa.selenium.support.events.EventFiringWebDriver.lambda$new$0(EventFiringWebDriver.java:85)
at jdk.proxy2/jdk.proxy2.$Proxy19.onException(Unknown Source)
at org.openqa.selenium.support.events.EventFiringWebDriver.lambda$new$1(EventFiringWebDriver.java:108)
at jdk.proxy2/jdk.proxy2.$Proxy20.getScreenshotAs(Unknown Source)
at org.openqa.selenium.support.events.EventFiringWebDriver.getScreenshotAs(EventFiringWebDriver.java:303)
at com.qa.util.TestUtil.takeScreenshotAtEndOfTest(TestUtil.java:96)
at com.qa.util.WebEventListener.onException(WebEventListener.java:69)
at java.base/jdk.internal.reflect.DirectMethodHandleAccessor.invoke(DirectMethodHandleAccessor.java:103)
at java.base/java.lang.reflect.Method.invoke(Method.java:580)
at org.openqa.selenium.support.events.EventFiringWebDriver.lambda$new$0(EventFiringWebDriver.java:85)
at jdk.proxy2/jdk.proxy2.$Proxy19.onException(Unknown Source)
at org.openqa.selenium.support.events.EventFiringWebDriver.lambda$new$1(EventFiringWebDriver.java:108)
at jdk.proxy2/jdk.proxy2.$Proxy20.getScreenshotAs(Unknown Source)
at org.openqa.selenium.support.events.EventFiringWebDriver.getScreenshotAs(EventFiringWebDriver.java:303)
at com.qa.util.TestUtil.takeScreenshotAtEndOfTest(TestUtil.java:96)
at com.qa.util.WebEventListener.onException(WebEventListener.java:69)
at java.base/jdk.internal.reflect.DirectMethodHandleAccessor.invoke(DirectMethodHandleAccessor.java:103)
at java.base/java.lang.reflect.Method.invoke(Method.java:580)
at org.openqa.selenium.support.events.EventFiringWebDriver.lambda$new$0(EventFiringWebDriver.java:85)
at jdk.proxy2/jdk.proxy2.$Proxy19.onException(Unknown Source)
at org.openqa.selenium.support.events.EventFiringWebDriver.lambda$new$1(EventFiringWebDriver.java:108)
at jdk.proxy2/jdk.proxy2.$Proxy20.getScreenshotAs(Unknown Source)
at org.openqa.selenium.support.events.EventFiringWebDriver.getScreenshotAs(EventFiringWebDriver.java:303)
at com.qa.util.TestUtil.takeScreenshotAtEndOfTest(TestUtil.java:96)
at com.qa.util.WebEventListener.onException(WebEventListener.java:69)
at java.base/jdk.internal.reflect.DirectMethodHandleAccessor.invoke(DirectMethodHandleAccessor.java:103)
at java.base/java.lang.reflect.Method.invoke(Method.java:580)
at org.openqa.selenium.support.events.EventFiringWebDriver.lambda$new$0(EventFiringWebDriver.java:85)
at jdk.proxy2/jdk.proxy2.$Proxy19.onException(Unknown Source)
at org.openqa.selenium.support.events.EventFiringWebDriver.lambda$new$1(EventFiringWebDriver.java:108)
at jdk.proxy2/jdk.proxy2.$Proxy20.getScreenshotAs(Unknown Source)
at org.openqa.selenium.support.events.EventFiringWebDriver.getScreenshotAs(EventFiringWebDriver.java:303)
at com.qa.util.TestUtil.takeScreenshotAtEndOfTest(TestUtil.java:96)
at com.qa.util.WebEventListener.onException(WebEventListener.java:69)
at java.base/jdk.internal.reflect.DirectMethodHandleAccessor.invoke(DirectMethodHandleAccessor.java:103)
at java.base/java.lang.reflect.Method.invoke(Method.java:580)
at org.openqa.selenium.support.events.EventFiringWebDriver.lambda$new$0(EventFiringWebDriver.java:85)
at jdk.proxy2/jdk.proxy2.$Proxy19.onException(Unknown Source)
at org.openqa.selenium.support.events.EventFiringWebDriver.lambda$new$1(EventFiringWebDriver.java:108)
at jdk.proxy2/jdk.proxy2.$Proxy20.getScreenshotAs(Unknown Source)
at org.openqa.selenium.support.events.EventFiringWebDriver.getScreenshotAs(EventFiringWebDriver.java:303)
at com.qa.util.TestUtil.takeScreenshotAtEndOfTest(TestUtil.java:96)
at com.qa.util.WebEventListener.onException(WebEventListener.java:69)
at java.base/jdk.internal.reflect.DirectMethodHandleAccessor.invoke(DirectMethodHandleAccessor.java:103)
at java.base/java.lang.reflect.Method.invoke(Method.java:580)
at org.openqa.selenium.support.events.EventFiringWebDriver.lambda$new$0(EventFiringWebDriver.java:85)
at jdk.proxy2/jdk.proxy2.$Proxy19.onException(Unknown Source)
at org.openqa.selenium.support.events.EventFiringWebDriver.lambda$new$1(EventFiringWebDriver.java:108)
at jdk.proxy2/jdk.proxy2.$Proxy20.getScreenshotAs(Unknown Source)
at org.openqa.selenium.support.events.EventFiringWebDriver.getScreenshotAs(EventFiringWebDriver.java:303)
at com.qa.util.TestUtil.takeScreenshotAtEndOfTest(TestUtil.java:96)
at com.qa.util.WebEventListener.onException(WebEventListener.java:69)
at java.base/jdk.internal.reflect.DirectMethodHandleAccessor.invoke(DirectMethodHandleAccessor.java:103)
at java.base/java.lang.reflect.Method.invoke(Method.java:580)
at org.openqa.selenium.support.events.EventFiringWebDriver.lambda$new$0(EventFiringWebDriver.java:85)
at jdk.proxy2/jdk.proxy2.$Proxy19.onException(Unknown Source)
at org.openqa.selenium.support.events.EventFiringWebDriver.lambda$new$1(EventFiringWebDriver.java:108)
at jdk.proxy2/jdk.proxy2.$Proxy20.getScreenshotAs(Unknown Source)
at org.openqa.selenium.support.events.EventFiringWebDriver.getScreenshotAs(EventFiringWebDriver.java:303)
at com.qa.util.TestUtil.takeScreenshotAtEndOfTest(TestUtil.java:96)
at com.qa.util.WebEventListener.onException(WebEventListener.java:69)
at java.base/jdk.internal.reflect.DirectMethodHandleAccessor.invoke(DirectMethodHandleAccessor.java:103)
at java.base/java.lang.reflect.Method.invoke(Method.java:580)
at org.openqa.selenium.support.events.EventFiringWebDriver.lambda$new$0(EventFiringWebDriver.java:85)
at jdk.proxy2/jdk.proxy2.$Proxy19.onException(Unknown Source)
at org.openqa.selenium.support.events.EventFiringWebDriver.lambda$new$1(EventFiringWebDriver.java:108)
at jdk.proxy2/jdk.proxy2.$Proxy20.getScreenshotAs(Unknown Source)
at org.openqa.selenium.support.events.EventFiringWebDriver.getScreenshotAs(EventFiringWebDriver.java:303)
at com.qa.util.TestUtil.takeScreenshotAtEndOfTest(TestUtil.java:96)
at com.qa.util.WebEventListener.onException(WebEventListener.java:69)
at java.base/jdk.internal.reflect.DirectMethodHandleAccessor.invoke(DirectMethodHandleAccessor.java:103)
at java.base/java.lang.reflect.Method.invoke(Method.java:580)
at org.openqa.selenium.support.events.EventFiringWebDriver.lambda$new$0(EventFiringWebDriver.java:85)
at jdk.proxy2/jdk.proxy2.$Proxy19.onException(Unknown Source)
at org.openqa.selenium.support.events.EventFiringWebDriver.lambda$new$1(EventFiringWebDriver.java:108)
at jdk.proxy2/jdk.proxy2.$Proxy20.getScreenshotAs(Unknown Source)
at org.openqa.selenium.support.events.EventFiringWebDriver.getScreenshotAs(EventFiringWebDriver.java:303)
at com.qa.util.TestUtil.takeScreenshotAtEndOfTest(TestUtil.java:96)
at com.qa.util.WebEventListener.onException(WebEventListener.java:69)
at java.base/jdk.internal.reflect.DirectMethodHandleAccessor.invoke(DirectMethodHandleAccessor.java:103)
at java.base/java.lang.reflect.Method.invoke(Method.java:580)
at org.openqa.selenium.support.events.EventFiringWebDriver.lambda$new$0(EventFiringWebDriver.java:85)
at jdk.proxy2/jdk.proxy2.$Proxy19.onException(Unknown Source)
at org.openqa.selenium.support.events.EventFiringWebDriver.lambda$new$1(EventFiringWebDriver.java:108)
at jdk.proxy2/jdk.proxy2.$Proxy20.getScreenshotAs(Unknown Source)
at org.openqa.selenium.support.events.EventFiringWebDriver.getScreenshotAs(EventFiringWebDriver.java:303)
at com.qa.util.TestUtil.takeScreenshotAtEndOfTest(TestUtil.java:96)
at com.qa.util.WebEventListener.onException(WebEventListener.java:69)
at java.base/jdk.internal.reflect.DirectMethodHandleAccessor.invoke(DirectMethodHandleAccessor.java:103)
at java.base/java.lang.reflect.Method.invoke(Method.java:580)
at org.openqa.selenium.support.events.EventFiringWebDriver.lambda$new$0(EventFiringWebDriver.java:85)
at jdk.proxy2/jdk.proxy2.$Proxy19.onException(Unknown Source)
at org.openqa.selenium.support.events.EventFiringWebDriver.lambda$new$1(EventFiringWebDriver.java:108)
at jdk.proxy2/jdk.proxy2.$Proxy20.getScreenshotAs(Unknown Source)
at org.openqa.selenium.support.events.EventFiringWebDriver.getScreenshotAs(EventFiringWebDriver.java:303)
at com.qa.util.TestUtil.takeScreenshotAtEndOfTest(TestUtil.java:96)
at com.qa.util.WebEventListener.onException(WebEventListener.java:69)
at java.base/jdk.internal.reflect.DirectMethodHandleAccessor.invoke(DirectMethodHandleAccessor.java:103)
at java.base/java.lang.reflect.Method.invoke(Method.java:580)
at org.openqa.selenium.support.events.EventFiringWebDriver.lambda$new$0(EventFiringWebDriver.java:85)
at jdk.proxy2/jdk.proxy2.$Proxy19.onException(Unknown Source)
at org.openqa.selenium.support.events.EventFiringWebDriver.lambda$new$1(EventFiringWebDriver.java:108)
at jdk.proxy2/jdk.proxy2.$Proxy20.getScreenshotAs(Unknown Source)
at org.openqa.selenium.support.events.EventFiringWebDriver.getScreenshotAs(EventFiringWebDriver.java:303)
at com.qa.util.TestUtil.takeScreenshotAtEndOfTest(TestUtil.java:96)
at com.qa.util.WebEventListener.onException(WebEventListener.java:69)
at java.base/jdk.internal.reflect.DirectMethodHandleAccessor.invoke(DirectMethodHandleAccessor.java:103)
at java.base/java.lang.reflect.Method.invoke(Method.java:580)
at org.openqa.selenium.support.events.EventFiringWebDriver.lambda$new$0(EventFiringWebDriver.java:85)
at jdk.proxy2/jdk.proxy2.$Proxy19.onException(Unknown Source)
at org.openqa.selenium.support.events.EventFiringWebDriver.lambda$new$1(EventFiringWebDriver.java:108)
]]>
            </full-stacktrace>
          </exception> <!-- java.lang.StackOverflowError -->
          <reporter-output>
            <line>
              <![CDATA[Quitting browser]]>
            </line>
          </reporter-output>
        </test-method> <!-- cleanup -->
      </class> <!-- myar.testcases.MyarRegression -->
    </test> <!-- Default test -->
  </suite> <!-- Default suite -->
</testng-results>
