<?xml version="1.0" encoding="UTF-8"?>
<!-- Generated by org.testng.reporters.JUnitXMLReporter -->
<testsuite ignored="16" hostname="PRASENJITSWIN10" failures="1" tests="1" name="Myar Regression Test" time="66.567" errors="0" timestamp="2024-08-08T22:59:30 IST">
  <testcase classname="myar.testcases.MyarRegression" name="verifyLoginFunctionalityWithValidCredentials" time="56.867">
    <failure type="java.lang.AssertionError" message="MYAR Dashboard presence expected [true] but found [false]">
      <![CDATA[java.lang.AssertionError: MYAR Dashboard presence expected [true] but found [false]
at myar.testcases.MyarRegression.verifyLoginFunctionalityWithValidCredentials(MyarRegression.java:235)
at java.base/java.util.ArrayList.forEach(ArrayList.java:1511)
... Removed 30 stack frames]]>
    </failure>
  </testcase> <!-- verifyLoginFunctionalityWithValidCredentials -->
  <testcase classname="myar.testcases.MyarRegression" name="verifyAddingNewSubgroupAdminUserFunctionality" time="0.0">
    <ignored/>
  </testcase> <!-- verifyAddingNewSubgroupAdminUserFunctionality -->
  <testcase classname="myar.testcases.MyarRegression" name="verifyStandardProductCreationUsingProductNameThroughExcelImport" time="0.0">
    <ignored/>
  </testcase> <!-- verifyStandardProductCreationUsingProductNameThroughExcelImport -->
  <testcase classname="myar.testcases.MyarRegression" name="verifyResetPasswordFunctionality" time="0.0">
    <ignored/>
  </testcase> <!-- verifyResetPasswordFunctionality -->
  <testcase classname="myar.testcases.MyarRegression" name="verifyScenesMappingWithScenesInExcel" time="0.0">
    <ignored/>
  </testcase> <!-- verifyScenesMappingWithScenesInExcel -->
  <testcase classname="myar.testcases.MyarRegression" name="verifyBilledTargetsForTrustedPartnersDisplayed" time="0.0">
    <ignored/>
  </testcase> <!-- verifyBilledTargetsForTrustedPartnersDisplayed -->
  <testcase classname="myar.testcases.MyarRegression" name="verifyAddRenameDeleteFolderActionsOfProductSection" time="0.0">
    <ignored/>
  </testcase> <!-- verifyAddRenameDeleteFolderActionsOfProductSection -->
  <testcase classname="myar.testcases.MyarRegression" name="verifyChangingRGB_ValuesChangesBackgroundColorOfEditor" time="0.0">
    <ignored/>
  </testcase> <!-- verifyChangingRGB_ValuesChangesBackgroundColorOfEditor -->
  <testcase classname="myar.testcases.MyarRegression" name="verifyAddRenameDeleteFolderActionsOfMediaSection" time="0.0">
    <ignored/>
  </testcase> <!-- verifyAddRenameDeleteFolderActionsOfMediaSection -->
  <testcase classname="myar.testcases.MyarRegression" name="verifyAddingNewUserAdminUserFunctionality" time="0.0">
    <ignored/>
  </testcase> <!-- verifyAddingNewUserAdminUserFunctionality -->
  <testcase classname="myar.testcases.MyarRegression" name="verifyChangingHSL_ValuesChangesBackgroundColorOfEditor" time="0.0">
    <ignored/>
  </testcase> <!-- verifyChangingHSL_ValuesChangesBackgroundColorOfEditor -->
  <testcase classname="myar.testcases.MyarRegression" name="verifyGeoMappingsNotVisibleInCHOOSE_MAPPING_SectionImportingStandardProduct" time="0.0">
    <ignored/>
  </testcase> <!-- verifyGeoMappingsNotVisibleInCHOOSE_MAPPING_SectionImportingStandardProduct -->
  <testcase classname="myar.testcases.MyarRegression" name="verifyManageAPI_KeyFunctionality" time="0.0">
    <ignored/>
  </testcase> <!-- verifyManageAPI_KeyFunctionality -->
  <testcase classname="myar.testcases.MyarRegression" name="verifyOnExcelImportClickingProductIdAtImportStatusOpensImportedProductInEditor" time="0.0">
    <ignored/>
  </testcase> <!-- verifyOnExcelImportClickingProductIdAtImportStatusOpensImportedProductInEditor -->
  <testcase classname="myar.testcases.MyarRegression" name="verifyValidationFailureCreatingStandardProductWhenGeoProductOfSameNameExists" time="0.0">
    <ignored/>
  </testcase> <!-- verifyValidationFailureCreatingStandardProductWhenGeoProductOfSameNameExists -->
  <testcase classname="myar.testcases.MyarRegression" name="verify_different_URL_Ar_Actions_can_be_assigned_in_differnt_languages" time="0.0">
    <ignored/>
  </testcase> <!-- verify_different_URL_Ar_Actions_can_be_assigned_in_differnt_languages -->
  <testcase classname="myar.testcases.MyarRegression" name="verifyChangeEmailAddressFunctionality" time="0.0">
    <ignored/>
  </testcase> <!-- verifyChangeEmailAddressFunctionality -->
</testsuite> <!-- Myar Regression Test -->
